This is pdfTeX, Version 3.14159265-2.6-1.40.20 (TeX Live 2019) (preloaded format=pdflatex 2019.5.8)  28 SEP 2021 18:40
entering extended mode
 \write18 enabled.
 file:line:error style messages enabled.
 %&-line parsing enabled.
**arfc-pres.tex
(./arfc-pres.tex
LaTeX2e <2018-12-01>
(/usr/local/texlive/2019/texmf-dist/tex/latex/beamer/beamer.cls
Document Class: beamer 2018/12/02 v3.55 A class for typesetting presentations
(/usr/local/texlive/2019/texmf-dist/tex/latex/beamer/beamerbasemodes.sty
(/usr/local/texlive/2019/texmf-dist/tex/latex/etoolbox/etoolbox.sty
Package: etoolbox 2018/08/19 v2.5f e-TeX tools for LaTeX (JAW)
\etb@tempcnta=\count80
)
\beamer@tempbox=\box27
\beamer@tempcount=\count81
\c@beamerpauses=\count82

(/usr/local/texlive/2019/texmf-dist/tex/latex/beamer/beamerbasedecode.sty
\beamer@slideinframe=\count83
\beamer@minimum=\count84
)
\beamer@commentbox=\box28
\beamer@modecount=\count85
)
(/usr/local/texlive/2019/texmf-dist/tex/generic/oberdiek/ifpdf.sty
Package: ifpdf 2018/09/07 v3.3 Provides the ifpdf switch
)
\headdp=\dimen102
\footheight=\dimen103
\sidebarheight=\dimen104
\beamer@tempdim=\dimen105
\beamer@finalheight=\dimen106
\beamer@animht=\dimen107
\beamer@animdp=\dimen108
\beamer@animwd=\dimen109
\beamer@leftmargin=\dimen110
\beamer@rightmargin=\dimen111
\beamer@leftsidebar=\dimen112
\beamer@rightsidebar=\dimen113
\beamer@boxsize=\dimen114
\beamer@vboxoffset=\dimen115
\beamer@descdefault=\dimen116
\beamer@descriptionwidth=\dimen117
\beamer@lastskip=\skip41
\beamer@areabox=\box29
\beamer@animcurrent=\box30
\beamer@animshowbox=\box31
\beamer@sectionbox=\box32
\beamer@logobox=\box33
\beamer@linebox=\box34
\beamer@sectioncount=\count86
\beamer@subsubsectionmax=\count87
\beamer@subsectionmax=\count88
\beamer@sectionmax=\count89
\beamer@totalheads=\count90
\beamer@headcounter=\count91
\beamer@partstartpage=\count92
\beamer@sectionstartpage=\count93
\beamer@subsectionstartpage=\count94
\beamer@animationtempa=\count95
\beamer@animationtempb=\count96
\beamer@xpos=\count97
\beamer@ypos=\count98
\beamer@ypos@offset=\count99
\beamer@showpartnumber=\count100
\beamer@currentsubsection=\count101
\beamer@coveringdepth=\count102
\beamer@sectionadjust=\count103
\beamer@tocsectionnumber=\count104

(/usr/local/texlive/2019/texmf-dist/tex/latex/beamer/beamerbaseoptions.sty
(/usr/local/texlive/2019/texmf-dist/tex/latex/graphics/keyval.sty
Package: keyval 2014/10/28 v1.15 key=value parser (DPC)
\KV@toks@=\toks14
))
\beamer@paperwidth=\skip42
\beamer@paperheight=\skip43

(/usr/local/texlive/2019/texmf-dist/tex/latex/geometry/geometry.sty
Package: geometry 2018/04/16 v5.8 Page Geometry

(/usr/local/texlive/2019/texmf-dist/tex/generic/oberdiek/ifvtex.sty
Package: ifvtex 2016/05/16 v1.6 Detect VTeX and its facilities (HO)
Package ifvtex Info: VTeX not detected.
)
(/usr/local/texlive/2019/texmf-dist/tex/generic/ifxetex/ifxetex.sty
Package: ifxetex 2010/09/12 v0.6 Provides ifxetex conditional
)
\Gm@cnth=\count105
\Gm@cntv=\count106
\c@Gm@tempcnt=\count107
\Gm@bindingoffset=\dimen118
\Gm@wd@mp=\dimen119
\Gm@odd@mp=\dimen120
\Gm@even@mp=\dimen121
\Gm@layoutwidth=\dimen122
\Gm@layoutheight=\dimen123
\Gm@layouthoffset=\dimen124
\Gm@layoutvoffset=\dimen125
\Gm@dimlist=\toks15
)
(/usr/local/texlive/2019/texmf-dist/tex/latex/extsizes/size9.clo
File: size9.clo 1999/11/11 v1.4a NON-Standard LaTeX file (size option)
)
(/usr/local/texlive/2019/texmf-dist/tex/latex/pgf/basiclayer/pgfcore.sty
(/usr/local/texlive/2019/texmf-dist/tex/latex/graphics/graphicx.sty
Package: graphicx 2017/06/01 v1.1a Enhanced LaTeX Graphics (DPC,SPQR)

(/usr/local/texlive/2019/texmf-dist/tex/latex/graphics/graphics.sty
Package: graphics 2017/06/25 v1.2c Standard LaTeX Graphics (DPC,SPQR)

(/usr/local/texlive/2019/texmf-dist/tex/latex/graphics/trig.sty
Package: trig 2016/01/03 v1.10 sin cos tan (DPC)
)
(/usr/local/texlive/2019/texmf-dist/tex/latex/graphics-cfg/graphics.cfg
File: graphics.cfg 2016/06/04 v1.11 sample graphics configuration
)
Package graphics Info: Driver file: pdftex.def on input line 99.

(/usr/local/texlive/2019/texmf-dist/tex/latex/graphics-def/pdftex.def
File: pdftex.def 2018/01/08 v1.0l Graphics/color driver for pdftex
))
\Gin@req@height=\dimen126
\Gin@req@width=\dimen127
)
(/usr/local/texlive/2019/texmf-dist/tex/latex/pgf/systemlayer/pgfsys.sty
(/usr/local/texlive/2019/texmf-dist/tex/latex/pgf/utilities/pgfrcs.sty
(/usr/local/texlive/2019/texmf-dist/tex/generic/pgf/utilities/pgfutil-common.te
x
\pgfutil@everybye=\toks16
\pgfutil@tempdima=\dimen128
\pgfutil@tempdimb=\dimen129

(/usr/local/texlive/2019/texmf-dist/tex/generic/pgf/utilities/pgfutil-common-li
sts.tex))
(/usr/local/texlive/2019/texmf-dist/tex/generic/pgf/utilities/pgfutil-latex.def
\pgfutil@abb=\box35
(/usr/local/texlive/2019/texmf-dist/tex/latex/ms/everyshi.sty
Package: everyshi 2001/05/15 v3.00 EveryShipout Package (MS)
))
(/usr/local/texlive/2019/texmf-dist/tex/generic/pgf/utilities/pgfrcs.code.tex
(/usr/local/texlive/2019/texmf-dist/tex/generic/pgf/pgf.revision.tex)
Package: pgfrcs 2019/04/04 v3.1.2 (3.1.2)
))
(/usr/local/texlive/2019/texmf-dist/tex/generic/pgf/systemlayer/pgfsys.code.tex
Package: pgfsys 2019/04/04 v3.1.2 (3.1.2)
(/usr/local/texlive/2019/texmf-dist/tex/generic/pgf/utilities/pgfkeys.code.tex
\pgfkeys@pathtoks=\toks17
\pgfkeys@temptoks=\toks18

(/usr/local/texlive/2019/texmf-dist/tex/generic/pgf/utilities/pgfkeysfiltered.c
ode.tex
\pgfkeys@tmptoks=\toks19
))
\pgf@x=\dimen130
\pgf@y=\dimen131
\pgf@xa=\dimen132
\pgf@ya=\dimen133
\pgf@xb=\dimen134
\pgf@yb=\dimen135
\pgf@xc=\dimen136
\pgf@yc=\dimen137
\w@pgf@writea=\write3
\r@pgf@reada=\read1
\c@pgf@counta=\count108
\c@pgf@countb=\count109
\c@pgf@countc=\count110
\c@pgf@countd=\count111
\t@pgf@toka=\toks20
\t@pgf@tokb=\toks21
\t@pgf@tokc=\toks22
\pgf@sys@id@count=\count112

(/usr/local/texlive/2019/texmf-dist/tex/generic/pgf/systemlayer/pgf.cfg
File: pgf.cfg 2019/04/04 v3.1.2 (3.1.2)
)
Driver file for pgf: pgfsys-pdftex.def

(/usr/local/texlive/2019/texmf-dist/tex/generic/pgf/systemlayer/pgfsys-pdftex.d
ef
File: pgfsys-pdftex.def 2019/04/04 v3.1.2 (3.1.2)

(/usr/local/texlive/2019/texmf-dist/tex/generic/pgf/systemlayer/pgfsys-common-p
df.def
File: pgfsys-common-pdf.def 2019/04/04 v3.1.2 (3.1.2)
)))
(/usr/local/texlive/2019/texmf-dist/tex/generic/pgf/systemlayer/pgfsyssoftpath.
code.tex
File: pgfsyssoftpath.code.tex 2019/04/04 v3.1.2 (3.1.2)
\pgfsyssoftpath@smallbuffer@items=\count113
\pgfsyssoftpath@bigbuffer@items=\count114
)
(/usr/local/texlive/2019/texmf-dist/tex/generic/pgf/systemlayer/pgfsysprotocol.
code.tex
File: pgfsysprotocol.code.tex 2019/04/04 v3.1.2 (3.1.2)
)) (/usr/local/texlive/2019/texmf-dist/tex/latex/xcolor/xcolor.sty
Package: xcolor 2016/05/11 v2.12 LaTeX color extensions (UK)

(/usr/local/texlive/2019/texmf-dist/tex/latex/graphics-cfg/color.cfg
File: color.cfg 2016/01/02 v1.6 sample color configuration
)
Package xcolor Info: Driver file: pdftex.def on input line 225.
Package xcolor Info: Model `cmy' substituted by `cmy0' on input line 1348.
Package xcolor Info: Model `hsb' substituted by `rgb' on input line 1352.
Package xcolor Info: Model `RGB' extended on input line 1364.
Package xcolor Info: Model `HTML' substituted by `rgb' on input line 1366.
Package xcolor Info: Model `Hsb' substituted by `hsb' on input line 1367.
Package xcolor Info: Model `tHsb' substituted by `hsb' on input line 1368.
Package xcolor Info: Model `HSB' substituted by `hsb' on input line 1369.
Package xcolor Info: Model `Gray' substituted by `gray' on input line 1370.
Package xcolor Info: Model `wave' substituted by `hsb' on input line 1371.
)
(/usr/local/texlive/2019/texmf-dist/tex/generic/pgf/basiclayer/pgfcore.code.tex
Package: pgfcore 2019/04/04 v3.1.2 (3.1.2)
(/usr/local/texlive/2019/texmf-dist/tex/generic/pgf/math/pgfmath.code.tex
(/usr/local/texlive/2019/texmf-dist/tex/generic/pgf/math/pgfmathcalc.code.tex
(/usr/local/texlive/2019/texmf-dist/tex/generic/pgf/math/pgfmathutil.code.tex)
(/usr/local/texlive/2019/texmf-dist/tex/generic/pgf/math/pgfmathparser.code.tex
\pgfmath@dimen=\dimen138
\pgfmath@count=\count115
\pgfmath@box=\box36
\pgfmath@toks=\toks23
\pgfmath@stack@operand=\toks24
\pgfmath@stack@operation=\toks25
)
(/usr/local/texlive/2019/texmf-dist/tex/generic/pgf/math/pgfmathfunctions.code.
tex
(/usr/local/texlive/2019/texmf-dist/tex/generic/pgf/math/pgfmathfunctions.basic
.code.tex)
(/usr/local/texlive/2019/texmf-dist/tex/generic/pgf/math/pgfmathfunctions.trigo
nometric.code.tex)
(/usr/local/texlive/2019/texmf-dist/tex/generic/pgf/math/pgfmathfunctions.rando
m.code.tex)
(/usr/local/texlive/2019/texmf-dist/tex/generic/pgf/math/pgfmathfunctions.compa
rison.code.tex)
(/usr/local/texlive/2019/texmf-dist/tex/generic/pgf/math/pgfmathfunctions.base.
code.tex)
(/usr/local/texlive/2019/texmf-dist/tex/generic/pgf/math/pgfmathfunctions.round
.code.tex)
(/usr/local/texlive/2019/texmf-dist/tex/generic/pgf/math/pgfmathfunctions.misc.
code.tex)
(/usr/local/texlive/2019/texmf-dist/tex/generic/pgf/math/pgfmathfunctions.integ
erarithmetics.code.tex)))
(/usr/local/texlive/2019/texmf-dist/tex/generic/pgf/math/pgfmathfloat.code.tex
\c@pgfmathroundto@lastzeros=\count116
))
(/usr/local/texlive/2019/texmf-dist/tex/generic/pgf/basiclayer/pgfcorepoints.co
de.tex
File: pgfcorepoints.code.tex 2019/04/04 v3.1.2 (3.1.2)
\pgf@picminx=\dimen139
\pgf@picmaxx=\dimen140
\pgf@picminy=\dimen141
\pgf@picmaxy=\dimen142
\pgf@pathminx=\dimen143
\pgf@pathmaxx=\dimen144
\pgf@pathminy=\dimen145
\pgf@pathmaxy=\dimen146
\pgf@xx=\dimen147
\pgf@xy=\dimen148
\pgf@yx=\dimen149
\pgf@yy=\dimen150
\pgf@zx=\dimen151
\pgf@zy=\dimen152
)
(/usr/local/texlive/2019/texmf-dist/tex/generic/pgf/basiclayer/pgfcorepathconst
ruct.code.tex
File: pgfcorepathconstruct.code.tex 2019/04/04 v3.1.2 (3.1.2)
\pgf@path@lastx=\dimen153
\pgf@path@lasty=\dimen154
)
(/usr/local/texlive/2019/texmf-dist/tex/generic/pgf/basiclayer/pgfcorepathusage
.code.tex
File: pgfcorepathusage.code.tex 2019/04/04 v3.1.2 (3.1.2)
\pgf@shorten@end@additional=\dimen155
\pgf@shorten@start@additional=\dimen156
)
(/usr/local/texlive/2019/texmf-dist/tex/generic/pgf/basiclayer/pgfcorescopes.co
de.tex
File: pgfcorescopes.code.tex 2019/04/04 v3.1.2 (3.1.2)
\pgfpic=\box37
\pgf@hbox=\box38
\pgf@layerbox@main=\box39
\pgf@picture@serial@count=\count117
)
(/usr/local/texlive/2019/texmf-dist/tex/generic/pgf/basiclayer/pgfcoregraphicst
ate.code.tex
File: pgfcoregraphicstate.code.tex 2019/04/04 v3.1.2 (3.1.2)
\pgflinewidth=\dimen157
)
(/usr/local/texlive/2019/texmf-dist/tex/generic/pgf/basiclayer/pgfcoretransform
ations.code.tex
File: pgfcoretransformations.code.tex 2019/04/04 v3.1.2 (3.1.2)
\pgf@pt@x=\dimen158
\pgf@pt@y=\dimen159
\pgf@pt@temp=\dimen160
)
(/usr/local/texlive/2019/texmf-dist/tex/generic/pgf/basiclayer/pgfcorequick.cod
e.tex
File: pgfcorequick.code.tex 2019/04/04 v3.1.2 (3.1.2)
)
(/usr/local/texlive/2019/texmf-dist/tex/generic/pgf/basiclayer/pgfcoreobjects.c
ode.tex
File: pgfcoreobjects.code.tex 2019/04/04 v3.1.2 (3.1.2)
)
(/usr/local/texlive/2019/texmf-dist/tex/generic/pgf/basiclayer/pgfcorepathproce
ssing.code.tex
File: pgfcorepathprocessing.code.tex 2019/04/04 v3.1.2 (3.1.2)
)
(/usr/local/texlive/2019/texmf-dist/tex/generic/pgf/basiclayer/pgfcorearrows.co
de.tex
File: pgfcorearrows.code.tex 2019/04/04 v3.1.2 (3.1.2)
\pgfarrowsep=\dimen161
)
(/usr/local/texlive/2019/texmf-dist/tex/generic/pgf/basiclayer/pgfcoreshade.cod
e.tex
File: pgfcoreshade.code.tex 2019/04/04 v3.1.2 (3.1.2)
\pgf@max=\dimen162
\pgf@sys@shading@range@num=\count118
\pgf@shadingcount=\count119
)
(/usr/local/texlive/2019/texmf-dist/tex/generic/pgf/basiclayer/pgfcoreimage.cod
e.tex
File: pgfcoreimage.code.tex 2019/04/04 v3.1.2 (3.1.2)

(/usr/local/texlive/2019/texmf-dist/tex/generic/pgf/basiclayer/pgfcoreexternal.
code.tex
File: pgfcoreexternal.code.tex 2019/04/04 v3.1.2 (3.1.2)
\pgfexternal@startupbox=\box40
))
(/usr/local/texlive/2019/texmf-dist/tex/generic/pgf/basiclayer/pgfcorelayers.co
de.tex
File: pgfcorelayers.code.tex 2019/04/04 v3.1.2 (3.1.2)
)
(/usr/local/texlive/2019/texmf-dist/tex/generic/pgf/basiclayer/pgfcoretranspare
ncy.code.tex
File: pgfcoretransparency.code.tex 2019/04/04 v3.1.2 (3.1.2)
)
(/usr/local/texlive/2019/texmf-dist/tex/generic/pgf/basiclayer/pgfcorepatterns.
code.tex
File: pgfcorepatterns.code.tex 2019/04/04 v3.1.2 (3.1.2)
)
(/usr/local/texlive/2019/texmf-dist/tex/generic/pgf/basiclayer/pgfcorerdf.code.
tex
File: pgfcorerdf.code.tex 2019/04/04 v3.1.2 (3.1.2)
))) (/usr/local/texlive/2019/texmf-dist/tex/latex/pgf/utilities/xxcolor.sty
Package: xxcolor 2003/10/24 ver 0.1
\XC@nummixins=\count120
\XC@countmixins=\count121
) (/usr/local/texlive/2019/texmf-dist/tex/generic/oberdiek/atbegshi.sty
Package: atbegshi 2016/06/09 v1.18 At begin shipout hook (HO)

(/usr/local/texlive/2019/texmf-dist/tex/generic/oberdiek/infwarerr.sty
Package: infwarerr 2016/05/16 v1.4 Providing info/warning/error messages (HO)
)
(/usr/local/texlive/2019/texmf-dist/tex/generic/oberdiek/ltxcmds.sty
Package: ltxcmds 2016/05/16 v1.23 LaTeX kernel commands for general use (HO)
))
(/usr/local/texlive/2019/texmf-dist/tex/latex/hyperref/hyperref.sty
Package: hyperref 2018/11/30 v6.88e Hypertext links for LaTeX

(/usr/local/texlive/2019/texmf-dist/tex/generic/oberdiek/hobsub-hyperref.sty
Package: hobsub-hyperref 2016/05/16 v1.14 Bundle oberdiek, subset hyperref (HO)


(/usr/local/texlive/2019/texmf-dist/tex/generic/oberdiek/hobsub-generic.sty
Package: hobsub-generic 2016/05/16 v1.14 Bundle oberdiek, subset generic (HO)
Package: hobsub 2016/05/16 v1.14 Construct package bundles (HO)
Package hobsub Info: Skipping package `infwarerr' (already loaded).
Package hobsub Info: Skipping package `ltxcmds' (already loaded).
Package: ifluatex 2016/05/16 v1.4 Provides the ifluatex switch (HO)
Package ifluatex Info: LuaTeX not detected.
Package hobsub Info: Skipping package `ifvtex' (already loaded).
Package: intcalc 2016/05/16 v1.2 Expandable calculations with integers (HO)
Package hobsub Info: Skipping package `ifpdf' (already loaded).
Package: etexcmds 2016/05/16 v1.6 Avoid name clashes with e-TeX commands (HO)
Package: kvsetkeys 2016/05/16 v1.17 Key value parser (HO)
Package: kvdefinekeys 2016/05/16 v1.4 Define keys (HO)
Package: pdftexcmds 2018/09/10 v0.29 Utility functions of pdfTeX for LuaTeX (HO
)
Package pdftexcmds Info: LuaTeX not detected.
Package pdftexcmds Info: \pdf@primitive is available.
Package pdftexcmds Info: \pdf@ifprimitive is available.
Package pdftexcmds Info: \pdfdraftmode found.
Package: pdfescape 2016/05/16 v1.14 Implements pdfTeX's escape features (HO)
Package: bigintcalc 2016/05/16 v1.4 Expandable calculations on big integers (HO
)
Package: bitset 2016/05/16 v1.2 Handle bit-vector datatype (HO)
Package: uniquecounter 2016/05/16 v1.3 Provide unlimited unique counter (HO)
)
Package hobsub Info: Skipping package `hobsub' (already loaded).
Package: letltxmacro 2016/05/16 v1.5 Let assignment for LaTeX macros (HO)
Package: hopatch 2016/05/16 v1.3 Wrapper for package hooks (HO)
Package: xcolor-patch 2016/05/16 xcolor patch
Package: atveryend 2016/05/16 v1.9 Hooks at the very end of document (HO)
Package hobsub Info: Skipping package `atbegshi' (already loaded).
Package: refcount 2016/05/16 v3.5 Data extraction from label references (HO)
Package: hycolor 2016/05/16 v1.8 Color options for hyperref/bookmark (HO)
)
(/usr/local/texlive/2019/texmf-dist/tex/latex/oberdiek/auxhook.sty
Package: auxhook 2016/05/16 v1.4 Hooks for auxiliary files (HO)
)
(/usr/local/texlive/2019/texmf-dist/tex/latex/oberdiek/kvoptions.sty
Package: kvoptions 2016/05/16 v3.12 Key value format for package options (HO)
)
\@linkdim=\dimen163
\Hy@linkcounter=\count122
\Hy@pagecounter=\count123

(/usr/local/texlive/2019/texmf-dist/tex/latex/hyperref/pd1enc.def
File: pd1enc.def 2018/11/30 v6.88e Hyperref: PDFDocEncoding definition (HO)
Now handling font encoding PD1 ...
... no UTF-8 mapping file for font encoding PD1
)
\Hy@SavedSpaceFactor=\count124

(/usr/local/texlive/2019/texmf-dist/tex/latex/latexconfig/hyperref.cfg
File: hyperref.cfg 2002/06/06 v1.2 hyperref configuration of TeXLive
)
Package hyperref Info: Option `bookmarks' set `true' on input line 4393.
Package hyperref Info: Option `bookmarksopen' set `true' on input line 4393.
Package hyperref Info: Option `implicit' set `false' on input line 4393.
Package hyperref Info: Hyper figures OFF on input line 4519.
Package hyperref Info: Link nesting OFF on input line 4524.
Package hyperref Info: Hyper index ON on input line 4527.
Package hyperref Info: Plain pages OFF on input line 4534.
Package hyperref Info: Backreferencing OFF on input line 4539.
Package hyperref Info: Implicit mode OFF; no redefinition of LaTeX internals.
Package hyperref Info: Bookmarks ON on input line 4772.
\c@Hy@tempcnt=\count125

(/usr/local/texlive/2019/texmf-dist/tex/latex/url/url.sty
\Urlmuskip=\muskip10
Package: url 2013/09/16  ver 3.4  Verb mode for urls, etc.
)
LaTeX Info: Redefining \url on input line 5125.
\XeTeXLinkMargin=\dimen164
\Fld@menulength=\count126
\Field@Width=\dimen165
\Fld@charsize=\dimen166
Package hyperref Info: Hyper figures OFF on input line 6380.
Package hyperref Info: Link nesting OFF on input line 6385.
Package hyperref Info: Hyper index ON on input line 6388.
Package hyperref Info: backreferencing OFF on input line 6395.
Package hyperref Info: Link coloring OFF on input line 6400.
Package hyperref Info: Link coloring with OCG OFF on input line 6405.
Package hyperref Info: PDF/A mode OFF on input line 6410.
LaTeX Info: Redefining \ref on input line 6450.
LaTeX Info: Redefining \pageref on input line 6454.
\Hy@abspage=\count127


Package hyperref Message: Stopped early.

)
Package hyperref Info: Driver (autodetected): hpdftex.
 (/usr/local/texlive/2019/texmf-dist/tex/latex/hyperref/hpdftex.def
File: hpdftex.def 2018/11/30 v6.88e Hyperref driver for pdfTeX
\Fld@listcount=\count128
\c@bookmark@seq@number=\count129

(/usr/local/texlive/2019/texmf-dist/tex/latex/oberdiek/rerunfilecheck.sty
Package: rerunfilecheck 2016/05/16 v1.8 Rerun checks for auxiliary files (HO)
Package uniquecounter Info: New unique counter `rerunfilecheck' on input line 2
82.
))
(/usr/local/texlive/2019/texmf-dist/tex/latex/beamer/beamerbaserequires.sty
(/usr/local/texlive/2019/texmf-dist/tex/latex/beamer/beamerbasecompatibility.st
y) (/usr/local/texlive/2019/texmf-dist/tex/latex/beamer/beamerbasefont.sty
(/usr/local/texlive/2019/texmf-dist/tex/latex/amsfonts/amssymb.sty
Package: amssymb 2013/01/14 v3.01 AMS font symbols

(/usr/local/texlive/2019/texmf-dist/tex/latex/amsfonts/amsfonts.sty
Package: amsfonts 2013/01/14 v3.01 Basic AMSFonts support
\@emptytoks=\toks26
\symAMSa=\mathgroup4
\symAMSb=\mathgroup5
LaTeX Font Info:    Overwriting math alphabet `\mathfrak' in version `bold'
(Font)                  U/euf/m/n --> U/euf/b/n on input line 106.
))
(/usr/local/texlive/2019/texmf-dist/tex/latex/sansmathaccent/sansmathaccent.sty
Package: sansmathaccent 2013/03/28
(/usr/local/texlive/2019/texmf-dist/tex/latex/filehook/filehook.sty
Package: filehook 2011/10/12 v0.5d Hooks for input files
)))
(/usr/local/texlive/2019/texmf-dist/tex/latex/beamer/beamerbasetranslator.sty
(/usr/local/texlive/2019/texmf-dist/tex/latex/translator/translator.sty
Package: translator 2018/01/04 v1.12 Easy translation of strings in LaTeX
))
(/usr/local/texlive/2019/texmf-dist/tex/latex/beamer/beamerbasemisc.sty)
(/usr/local/texlive/2019/texmf-dist/tex/latex/beamer/beamerbasetwoscreens.sty)
(/usr/local/texlive/2019/texmf-dist/tex/latex/beamer/beamerbaseoverlay.sty
\beamer@argscount=\count130
\beamer@lastskipcover=\skip44
\beamer@trivlistdepth=\count131
)
(/usr/local/texlive/2019/texmf-dist/tex/latex/beamer/beamerbasetitle.sty)
(/usr/local/texlive/2019/texmf-dist/tex/latex/beamer/beamerbasesection.sty
\c@lecture=\count132
\c@part=\count133
\c@section=\count134
\c@subsection=\count135
\c@subsubsection=\count136
)
(/usr/local/texlive/2019/texmf-dist/tex/latex/beamer/beamerbaseframe.sty
\beamer@framebox=\box41
\beamer@frametitlebox=\box42
\beamer@zoombox=\box43
\beamer@zoomcount=\count137
\beamer@zoomframecount=\count138
\beamer@frametextheight=\dimen167
\c@subsectionslide=\count139
\beamer@frametopskip=\skip45
\beamer@framebottomskip=\skip46
\beamer@frametopskipautobreak=\skip47
\beamer@framebottomskipautobreak=\skip48
\beamer@envbody=\toks27
\framewidth=\dimen168
\c@framenumber=\count140
)
(/usr/local/texlive/2019/texmf-dist/tex/latex/beamer/beamerbaseverbatim.sty
\beamer@verbatimfileout=\write4
)
(/usr/local/texlive/2019/texmf-dist/tex/latex/beamer/beamerbaseframesize.sty
\beamer@splitbox=\box44
\beamer@autobreakcount=\count141
\beamer@autobreaklastheight=\dimen169
\beamer@frametitletoks=\toks28
\beamer@framesubtitletoks=\toks29
)
(/usr/local/texlive/2019/texmf-dist/tex/latex/beamer/beamerbaseframecomponents.
sty
\beamer@footins=\box45
) (/usr/local/texlive/2019/texmf-dist/tex/latex/beamer/beamerbasecolor.sty)
(/usr/local/texlive/2019/texmf-dist/tex/latex/beamer/beamerbasenotes.sty
\beamer@frameboxcopy=\box46
)
(/usr/local/texlive/2019/texmf-dist/tex/latex/beamer/beamerbasetoc.sty)
(/usr/local/texlive/2019/texmf-dist/tex/latex/beamer/beamerbasetemplates.sty
\beamer@sbttoks=\toks30

(/usr/local/texlive/2019/texmf-dist/tex/latex/beamer/beamerbaseauxtemplates.sty
(/usr/local/texlive/2019/texmf-dist/tex/latex/beamer/beamerbaseboxes.sty
\bmb@box=\box47
\bmb@colorbox=\box48
\bmb@boxshadow=\box49
\bmb@boxshadowball=\box50
\bmb@boxshadowballlarge=\box51
\bmb@temp=\dimen170
\bmb@dima=\dimen171
\bmb@dimb=\dimen172
\bmb@prevheight=\dimen173
)
\beamer@blockheadheight=\dimen174
))
(/usr/local/texlive/2019/texmf-dist/tex/latex/beamer/beamerbaselocalstructure.s
ty (/usr/local/texlive/2019/texmf-dist/tex/latex/tools/enumerate.sty
Package: enumerate 2015/07/23 v3.00 enumerate extensions (DPC)
\@enLab=\toks31
)
\c@figure=\count142
\c@table=\count143
\abovecaptionskip=\skip49
\belowcaptionskip=\skip50
)
(/usr/local/texlive/2019/texmf-dist/tex/latex/beamer/beamerbasenavigation.sty
\beamer@section@min@dim=\dimen175
)
(/usr/local/texlive/2019/texmf-dist/tex/latex/beamer/beamerbasetheorems.sty
(/usr/local/texlive/2019/texmf-dist/tex/latex/amsmath/amsmath.sty
Package: amsmath 2018/12/01 v2.17b AMS math features
\@mathmargin=\skip51

For additional information on amsmath, use the `?' option.
(/usr/local/texlive/2019/texmf-dist/tex/latex/amsmath/amstext.sty
Package: amstext 2000/06/29 v2.01 AMS text

(/usr/local/texlive/2019/texmf-dist/tex/latex/amsmath/amsgen.sty
File: amsgen.sty 1999/11/30 v2.0 generic functions
\@emptytoks=\toks32
\ex@=\dimen176
))
(/usr/local/texlive/2019/texmf-dist/tex/latex/amsmath/amsbsy.sty
Package: amsbsy 1999/11/29 v1.2d Bold Symbols
\pmbraise@=\dimen177
)
(/usr/local/texlive/2019/texmf-dist/tex/latex/amsmath/amsopn.sty
Package: amsopn 2016/03/08 v2.02 operator names
)
\inf@bad=\count144
LaTeX Info: Redefining \frac on input line 223.
\uproot@=\count145
\leftroot@=\count146
LaTeX Info: Redefining \overline on input line 385.
\classnum@=\count147
\DOTSCASE@=\count148
LaTeX Info: Redefining \ldots on input line 482.
LaTeX Info: Redefining \dots on input line 485.
LaTeX Info: Redefining \cdots on input line 606.
\Mathstrutbox@=\box52
\strutbox@=\box53
\big@size=\dimen178
LaTeX Font Info:    Redeclaring font encoding OML on input line 729.
LaTeX Font Info:    Redeclaring font encoding OMS on input line 730.
\macc@depth=\count149
\c@MaxMatrixCols=\count150
\dotsspace@=\muskip11
\c@parentequation=\count151
\dspbrk@lvl=\count152
\tag@help=\toks33
\row@=\count153
\column@=\count154
\maxfields@=\count155
\andhelp@=\toks34
\eqnshift@=\dimen179
\alignsep@=\dimen180
\tagshift@=\dimen181
\tagwidth@=\dimen182
\totwidth@=\dimen183
\lineht@=\dimen184
\@envbody=\toks35
\multlinegap=\skip52
\multlinetaggap=\skip53
\mathdisplay@stack=\toks36
LaTeX Info: Redefining \[ on input line 2844.
LaTeX Info: Redefining \] on input line 2845.
)
(/usr/local/texlive/2019/texmf-dist/tex/latex/amscls/amsthm.sty
Package: amsthm 2017/10/31 v2.20.4
\thm@style=\toks37
\thm@bodyfont=\toks38
\thm@headfont=\toks39
\thm@notefont=\toks40
\thm@headpunct=\toks41
\thm@preskip=\skip54
\thm@postskip=\skip55
\thm@headsep=\skip56
\dth@everypar=\toks42
)
\c@theorem=\count156
)
(/usr/local/texlive/2019/texmf-dist/tex/latex/beamer/beamerbasethemes.sty))
(/usr/local/texlive/2019/texmf-dist/tex/latex/beamer/beamerthemedefault.sty
(/usr/local/texlive/2019/texmf-dist/tex/latex/beamer/beamerfontthemedefault.sty
)
(/usr/local/texlive/2019/texmf-dist/tex/latex/beamer/beamercolorthemedefault.st
y)
(/usr/local/texlive/2019/texmf-dist/tex/latex/beamer/beamerinnerthemedefault.st
y
\beamer@dima=\dimen185
\beamer@dimb=\dimen186
)
(/usr/local/texlive/2019/texmf-dist/tex/latex/beamer/beamerouterthemedefault.st
y))) (./beamerthemeIllinois.sty
Package: beamerthemeIllinois 

(/usr/local/texlive/2019/texmf-dist/tex/latex/tools/tabularx.sty
Package: tabularx 2016/02/03 v2.11b `tabularx' package (DPC)

(/usr/local/texlive/2019/texmf-dist/tex/latex/tools/array.sty
Package: array 2018/12/30 v2.4k Tabular extension package (FMi)
\col@sep=\dimen187
\ar@mcellbox=\box54
\extrarowheight=\dimen188
\NC@list=\toks43
\extratabsurround=\skip57
\backup@length=\skip58
\ar@cellbox=\box55
)
\TX@col@width=\dimen189
\TX@old@table=\dimen190
\TX@old@col=\dimen191
\TX@target=\dimen192
\TX@delta=\dimen193
\TX@cols=\count157
\TX@ftn=\toks44
)
(/usr/local/texlive/2019/texmf-dist/tex/latex/beamer/beamerouterthemesplit.sty)

(/usr/local/texlive/2019/texmf-dist/tex/latex/beamer/beamerinnerthemecircles.st
y) (./beamercolorthemeIllinoisWhite.sty
Package: beamercolorthemeIllinoisWhite 
))

Package hyperref Warning: Token not allowed in a PDF string (PDFDocEncoding):
(hyperref)                removing `\\' on input line 14.

(/usr/local/texlive/2019/texmf-dist/tex/latex/tools/xspace.sty
Package: xspace 2014/10/28 v1.13 Space after command names (DPC,MH)
)
(/usr/local/texlive/2019/texmf-dist/tex/latex/subfigure/subfigure.sty
Package: subfigure 2002/03/15 v2.1.5 subfigure package
\subfigtopskip=\skip59
\subfigcapskip=\skip60
\subfigcaptopadj=\dimen194
\subfigbottomskip=\skip61
\subfigcapmargin=\dimen195
\subfiglabelskip=\skip62
\c@subfigure=\count158
\c@lofdepth=\count159
\c@subtable=\count160
\c@lotdepth=\count161

****************************************
* Local config file subfigure.cfg used *
****************************************
(/usr/local/texlive/2019/texmf-dist/tex/latex/subfigure/subfigure.cfg)
\subfig@top=\skip63
\subfig@bottom=\skip64
)
(/usr/local/texlive/2019/texmf-dist/tex/latex/booktabs/booktabs.sty
Package: booktabs 2016/04/27 v1.618033 publication quality tables
\heavyrulewidth=\dimen196
\lightrulewidth=\dimen197
\cmidrulewidth=\dimen198
\belowrulesep=\dimen199
\belowbottomsep=\dimen256
\aboverulesep=\dimen257
\abovetopsep=\dimen258
\cmidrulesep=\dimen259
\cmidrulekern=\dimen260
\defaultaddspace=\dimen261
\@cmidla=\count162
\@cmidlb=\count163
\@aboverulesep=\dimen262
\@belowrulesep=\dimen263
\@thisruleclass=\count164
\@lastruleclass=\count165
\@thisrulewidth=\dimen264
)
(/usr/local/texlive/2019/texmf-dist/tex/latex/microtype/microtype.sty
Package: microtype 2019/02/28 v2.7b Micro-typographical refinements (RS)
\MT@toks=\toks45
\MT@count=\count166
LaTeX Info: Redefining \textls on input line 790.
\MT@outer@kern=\dimen265
LaTeX Info: Redefining \textmicrotypecontext on input line 1336.
\MT@listname@count=\count167

(/usr/local/texlive/2019/texmf-dist/tex/latex/microtype/microtype-pdftex.def
File: microtype-pdftex.def 2019/02/28 v2.7b Definitions specific to pdftex (RS)

LaTeX Info: Redefining \lsstyle on input line 914.
LaTeX Info: Redefining \lslig on input line 914.
\MT@outer@space=\skip65
)
Package microtype Info: Loading configuration file microtype.cfg.

(/usr/local/texlive/2019/texmf-dist/tex/latex/microtype/microtype.cfg
File: microtype.cfg 2019/02/28 v2.7b microtype main configuration file (RS)
))
(/usr/local/texlive/2019/texmf-dist/tex/latex/bigints/bigints.sty
Package: bigints 2010/02/15 Writing big integrals
Package bigints Info: This is Bigints by Merciadri Luca. on input line 5.
)
(/usr/local/texlive/2019/texmf-dist/tex/latex/minted/minted.sty
Package: minted 2017/07/19 v2.5 Yet another Pygments shim for LaTeX

(/usr/local/texlive/2019/texmf-dist/tex/latex/fvextra/fvextra.sty
Package: fvextra 2019/02/04 v1.4 fvextra - extensions and patches for fancyvrb

(/usr/local/texlive/2019/texmf-dist/tex/latex/base/ifthen.sty
Package: ifthen 2014/09/29 v1.1c Standard LaTeX ifthen package (DPC)
)
(/usr/local/texlive/2019/texmf-dist/tex/latex/fancyvrb/fancyvrb.sty
Package: fancyvrb 2019/01/15

Style option: `fancyvrb' v3.2a <2019/01/15> (tvz)
\FV@CodeLineNo=\count168
\FV@InFile=\read2
\FV@TabBox=\box56
\c@FancyVerbLine=\count169
\FV@StepNumber=\count170
\FV@OutFile=\write5
)
(/usr/local/texlive/2019/texmf-dist/tex/latex/upquote/upquote.sty
Package: upquote 2012/04/19 v1.3 upright-quote and grave-accent glyphs in verba
tim
)
(/usr/local/texlive/2019/texmf-dist/tex/latex/lineno/lineno.sty
Package: lineno 2005/11/02 line numbers on paragraphs v4.41
\linenopenalty=\count171
\output=\toks46
\linenoprevgraf=\count172
\linenumbersep=\dimen266
\linenumberwidth=\dimen267
\c@linenumber=\count173
\c@pagewiselinenumber=\count174
\c@LN@truepage=\count175
\c@internallinenumber=\count176
\c@internallinenumbers=\count177
\quotelinenumbersep=\dimen268
\bframerule=\dimen269
\bframesep=\dimen270
\bframebox=\box57
LaTeX Info: Redefining \\ on input line 3056.
)
\c@FV@TrueTabGroupLevel=\count178
\c@FV@TrueTabCounter=\count179
\FV@TabBox@Group=\box58
\FV@TmpLength=\skip66
\c@FV@HighlightLinesStart=\count180
\c@FV@HighlightLinesStop=\count181
\FV@LoopCount=\count182
\FV@NCharsBox=\box59
\FV@BreakIndent=\dimen271
\FV@BreakIndentNChars=\count183
\FV@BreakSymbolSepLeft=\dimen272
\FV@BreakSymbolSepLeftNChars=\count184
\FV@BreakSymbolSepRight=\dimen273
\FV@BreakSymbolSepRightNChars=\count185
\FV@BreakSymbolIndentLeft=\dimen274
\FV@BreakSymbolIndentLeftNChars=\count186
\FV@BreakSymbolIndentRight=\dimen275
\FV@BreakSymbolIndentRightNChars=\count187
\c@FancyVerbLineBreakLast=\count188
\FV@LineBox=\box60
\FV@LineIndentBox=\box61
\FV@LineWidth=\dimen276
)
(/usr/local/texlive/2019/texmf-dist/tex/latex/tools/calc.sty
Package: calc 2017/05/25 v4.3 Infix arithmetic (KKT,FJ)
\calc@Acount=\count189
\calc@Bcount=\count190
\calc@Adimen=\dimen277
\calc@Bdimen=\dimen278
\calc@Askip=\skip67
\calc@Bskip=\skip68
LaTeX Info: Redefining \setlength on input line 80.
LaTeX Info: Redefining \addtolength on input line 81.
\calc@Ccount=\count191
\calc@Cskip=\skip69
)
(/usr/local/texlive/2019/texmf-dist/tex/latex/tools/shellesc.sty
Package: shellesc 2016/06/07 v0.02a unified shell escape interface for LaTeX
Package shellesc Info: Unrestricted shell escape enabled on input line 67.
)
(/usr/local/texlive/2019/texmf-dist/tex/latex/ifplatform/ifplatform.sty
Package: ifplatform 2017/10/13 v0.4a Testing for the operating system

(/usr/local/texlive/2019/texmf-dist/tex/generic/oberdiek/catchfile.sty
Package: catchfile 2016/05/16 v1.7 Catch the contents of a file (HO)
)
runsystem(uname -s > "arfc-pres.w18")...executed.


(./arfc-pres.w18)
runsystem(rm -- "arfc-pres.w18")...executed.

)
(/usr/local/texlive/2019/texmf-dist/tex/generic/xstring/xstring.sty
(/usr/local/texlive/2019/texmf-dist/tex/generic/xstring/xstring.tex
\integerpart=\count192
\decimalpart=\count193
)
Package: xstring 2019/02/06 v1.83 String manipulations (CT)
)
(/usr/local/texlive/2019/texmf-dist/tex/latex/framed/framed.sty
Package: framed 2011/10/22 v 0.96: framed or shaded text with page breaks
\OuterFrameSep=\skip70
\fb@frw=\dimen279
\fb@frh=\dimen280
\FrameRule=\dimen281
\FrameSep=\dimen282
)
(/usr/local/texlive/2019/texmf-dist/tex/latex/float/float.sty
Package: float 2001/11/08 v1.3d Float enhancements (AL)
\c@float@type=\count194
\float@exts=\toks47
\float@box=\box62
\@float@everytoks=\toks48
\@floatcapt=\box63
)
\minted@appexistsfile=\read3
\minted@bgbox=\box64
\minted@code=\write6
\c@minted@FancyVerbLineTemp=\count195
\c@minted@pygmentizecounter=\count196
\@float@every@listing=\toks49
\c@listing=\count197
)
runsystem(mkdir -p _minted-arfc-pres)...executed.


(/usr/local/texlive/2019/texmf-dist/tex/latex/animate/animate.sty
Package: animate 2019/04/09 PDF & SVG animations from files and inline graphics


(/usr/local/texlive/2019/texmf-dist/tex/latex/xkeyval/xkeyval.sty
Package: xkeyval 2014/12/03 v2.7a package option processing (HA)

(/usr/local/texlive/2019/texmf-dist/tex/generic/xkeyval/xkeyval.tex
(/usr/local/texlive/2019/texmf-dist/tex/generic/xkeyval/xkvutils.tex
\XKV@toks=\toks50
\XKV@tempa@toks=\toks51
)
\XKV@depth=\count198
File: xkeyval.tex 2014/12/03 v2.7a key=value parser (HA)
))
(/usr/local/texlive/2019/texmf-dist/tex/latex/oberdiek/ifdraft.sty
Package: ifdraft 2016/05/16 v1.4 Detect class options draft and final (HO)
)
(/usr/local/texlive/2019/texmf-dist/tex/latex/oberdiek/zref-abspage.sty
Package: zref-abspage 2018/11/21 v2.27 Module abspage for zref (HO)

(/usr/local/texlive/2019/texmf-dist/tex/latex/oberdiek/zref-base.sty
Package: zref-base 2018/11/21 v2.27 Module base for zref (HO)
Package zref Info: New property list: main on input line 759.
Package zref Info: New property: default on input line 760.
Package zref Info: New property: page on input line 761.
)
\c@abspage=\count199
Package zref Info: New property: abspage on input line 62.
)
(/usr/local/texlive/2019/texmf-dist/tex/latex/media9/pdfbase.sty
(/usr/local/texlive/2019/texmf-dist/tex/latex/l3kernel/expl3.sty
Package: expl3 2019-05-07 L3 programming layer (loader) 

(/usr/local/texlive/2019/texmf-dist/tex/latex/l3kernel/expl3-code.tex
Package: expl3 2019-05-07 L3 programming layer (code)
\c_max_int=\count266
\l_tmpa_int=\count267
\l_tmpb_int=\count268
\g_tmpa_int=\count269
\g_tmpb_int=\count270
\g__kernel_prg_map_int=\count271
\c__ior_term_ior=\count272
\c_log_iow=\count273
\l_iow_line_count_int=\count274
\l__iow_line_target_int=\count275
\l__iow_one_indent_int=\count276
\l__iow_indent_int=\count277
\c_zero_dim=\dimen283
\c_max_dim=\dimen284
\l_tmpa_dim=\dimen285
\l_tmpb_dim=\dimen286
\g_tmpa_dim=\dimen287
\g_tmpb_dim=\dimen288
\c_zero_skip=\skip71
\c_max_skip=\skip72
\l_tmpa_skip=\skip73
\l_tmpb_skip=\skip74
\g_tmpa_skip=\skip75
\g_tmpb_skip=\skip76
\c_zero_muskip=\muskip12
\c_max_muskip=\muskip13
\l_tmpa_muskip=\muskip14
\l_tmpb_muskip=\muskip15
\g_tmpa_muskip=\muskip16
\g_tmpb_muskip=\muskip17
\l_keys_choice_int=\count278
\l__intarray_loop_int=\count279
\c__intarray_sp_dim=\dimen289
\g__intarray_font_int=\count280
\c__fp_leading_shift_int=\count281
\c__fp_middle_shift_int=\count282
\c__fp_trailing_shift_int=\count283
\c__fp_big_leading_shift_int=\count284
\c__fp_big_middle_shift_int=\count285
\c__fp_big_trailing_shift_int=\count286
\c__fp_Bigg_leading_shift_int=\count287
\c__fp_Bigg_middle_shift_int=\count288
\c__fp_Bigg_trailing_shift_int=\count289
\c__kernel_randint_max_int=\count290
\g__fp_array_int=\count291
\l__fp_array_loop_int=\count292
\l__sort_length_int=\count293
\l__sort_min_int=\count294
\l__sort_top_int=\count295
\l__sort_max_int=\count296
\l__sort_true_max_int=\count297
\l__sort_block_int=\count298
\l__sort_begin_int=\count299
\l__sort_end_int=\count300
\l__sort_A_int=\count301
\l__sort_B_int=\count302
\l__sort_C_int=\count303
\l__tl_analysis_normal_int=\count304
\l__tl_analysis_index_int=\count305
\l__tl_analysis_nesting_int=\count306
\l__tl_analysis_type_int=\count307
\l__regex_internal_a_int=\count308
\l__regex_internal_b_int=\count309
\l__regex_internal_c_int=\count310
\l__regex_balance_int=\count311
\l__regex_group_level_int=\count312
\l__regex_mode_int=\count313
\c__regex_cs_in_class_mode_int=\count314
\c__regex_cs_mode_int=\count315
\l__regex_catcodes_int=\count316
\l__regex_default_catcodes_int=\count317
\c__regex_catcode_D_int=\count318
\c__regex_catcode_S_int=\count319
\c__regex_catcode_L_int=\count320
\c__regex_catcode_O_int=\count321
\c__regex_catcode_A_int=\count322
\c__regex_all_catcodes_int=\count323
\l__regex_show_lines_int=\count324
\l__regex_min_state_int=\count325
\l__regex_max_state_int=\count326
\l__regex_left_state_int=\count327
\l__regex_right_state_int=\count328
\l__regex_capturing_group_int=\count329
\l__regex_min_pos_int=\count330
\l__regex_max_pos_int=\count331
\l__regex_curr_pos_int=\count332
\l__regex_start_pos_int=\count333
\l__regex_success_pos_int=\count334
\l__regex_curr_char_int=\count335
\l__regex_curr_catcode_int=\count336
\l__regex_last_char_int=\count337
\l__regex_case_changed_char_int=\count338
\l__regex_curr_state_int=\count339
\l__regex_step_int=\count340
\l__regex_min_active_int=\count341
\l__regex_max_active_int=\count342
\l__regex_replacement_csnames_int=\count343
\l__regex_match_count_int=\count344
\l__regex_min_submatch_int=\count345
\l__regex_submatch_int=\count346
\l__regex_zeroth_submatch_int=\count347
\g__regex_trace_regex_int=\count348
\c_empty_box=\box65
\l_tmpa_box=\box66
\l_tmpb_box=\box67
\g_tmpa_box=\box68
\g_tmpb_box=\box69
\l__box_top_dim=\dimen290
\l__box_bottom_dim=\dimen291
\l__box_left_dim=\dimen292
\l__box_right_dim=\dimen293
\l__box_top_new_dim=\dimen294
\l__box_bottom_new_dim=\dimen295
\l__box_left_new_dim=\dimen296
\l__box_right_new_dim=\dimen297
\l__box_internal_box=\box70
\l__coffin_internal_box=\box71
\l__coffin_internal_dim=\dimen298
\l__coffin_offset_x_dim=\dimen299
\l__coffin_offset_y_dim=\dimen300
\l__coffin_x_dim=\dimen301
\l__coffin_y_dim=\dimen302
\l__coffin_x_prime_dim=\dimen303
\l__coffin_y_prime_dim=\dimen304
\c_empty_coffin=\box72
\l__coffin_aligned_coffin=\box73
\l__coffin_aligned_internal_coffin=\box74
\l_tmpa_coffin=\box75
\l_tmpb_coffin=\box76
\g_tmpa_coffin=\box77
\g_tmpb_coffin=\box78
\l__coffin_bounding_shift_dim=\dimen305
\l__coffin_left_corner_dim=\dimen306
\l__coffin_right_corner_dim=\dimen307
\l__coffin_bottom_corner_dim=\dimen308
\l__coffin_top_corner_dim=\dimen309
\l__coffin_scaled_total_height_dim=\dimen310
\l__coffin_scaled_width_dim=\dimen311
\c__coffin_empty_coffin=\box79
\l__coffin_display_coffin=\box80
\l__coffin_display_coord_coffin=\box81
\l__coffin_display_pole_coffin=\box82
\l__coffin_display_offset_dim=\dimen312
\l__coffin_display_x_dim=\dimen313
\l__coffin_display_y_dim=\dimen314
\g__file_internal_ior=\read4
\l__seq_internal_a_int=\count349
\l__seq_internal_b_int=\count350
\c__deprecation_minus_one=\count351
)
(/usr/local/texlive/2019/texmf-dist/tex/latex/l3kernel/l3pdfmode.def
File: l3pdfmode.def 2019-04-06 v L3 Experimental driver: PDF mode
\l__driver_color_stack_int=\count352
\l__driver_pdf_tmp_box=\box83
))
(/usr/local/texlive/2019/texmf-dist/tex/latex/l3packages/l3keys2e/l3keys2e.sty
Package: l3keys2e 2019-05-03 LaTeX2e option processing using LaTeX3 keys
)
Package: pdfbase 2019/05/02 v0.28 driver independent access to low-level PDF fe
atures
\g_pbs_page_int=\count353
\g_pbs_oc_int=\count354
) (/usr/local/texlive/2019/texmf-dist/tex/latex/ocgx2/ocgbase.sty
Package: ocgbase 2018/06/07 v0.14 support package for ocgx2.sty
\g_ocgbase_nd_int=\count355
)
\@anim@box=\box84
\@anim@measbox=\box85
\@anim@tmpdima=\dimen315
\@anim@tmpdimb=\dimen316
\@anim@num=\count356
\@anim@curframe=\count357
\@anim@curframe@zb=\count358
\@anim@resizeflags=\count359
\@anim@skipfram=\count360
\@anim@mulframecnt=\count361
\@anim@@tmlnfile=\read5
\@anim@tmpcnt=\count362
\c@@anim@ltxcnt=\count363
\@anim@curlayer=\count364
\@anim@lineno=\count365
\@anim@curfield=\count366
\@anim@@resizeflags=\count367
)
(/usr/local/texlive/2019/texmf-dist/tex/latex/beamer/xmpmulti.sty
\@mpm@count=\count368
)
(/usr/local/texlive/2019/texmf-dist/tex/latex/glossaries/base/glossaries.sty
Package: glossaries 2019/01/06 v4.42 (NLCT)

(/usr/local/texlive/2019/texmf-dist/tex/latex/mfirstuc/mfirstuc.sty
Package: mfirstuc 2017/11/14 v2.06 (NLCT)
\@glsmfirst=\toks52
\@glsmrest=\toks53
)
(/usr/local/texlive/2019/texmf-dist/tex/latex/textcase/textcase.sty
Package: textcase 2004/10/07 v0.07 Text only upper/lower case changing (DPC)
)
(/usr/local/texlive/2019/texmf-dist/tex/latex/xfor/xfor.sty
Package: xfor 2009/02/05 v1.05 (NLCT)
)
(/usr/local/texlive/2019/texmf-dist/tex/latex/datatool/datatool-base.sty
Package: datatool-base 2018/12/07 v2.31 (NLCT)

(/usr/local/texlive/2019/texmf-dist/tex/latex/substr/substr.sty
Package: substr 2009/10/20 v1.2 Handle substrings
\c@su@anzahl=\count369
)
(/usr/local/texlive/2019/texmf-dist/tex/latex/datatool/datatool-fp.sty
Package: datatool-fp 2018/12/07 v2.31 (NLCT)

(/usr/local/texlive/2019/texmf-dist/tex/latex/fp/fp.sty
Package: fp 1995/04/02

`Fixed Point Package', Version 0.8, April 2, 1995 (C) Michael Mehlich
(/usr/local/texlive/2019/texmf-dist/tex/latex/fp/defpattern.sty
Package: defpattern 1994/10/12
\actioncount=\count370
)
(/usr/local/texlive/2019/texmf-dist/tex/latex/fp/fp-basic.sty
Package: fp-basic 1996/05/13
\FP@xs=\count371
\FP@xia=\count372
\FP@xib=\count373
\FP@xfa=\count374
\FP@xfb=\count375
\FP@rega=\count376
\FP@regb=\count377
\FP@regs=\count378
\FP@times=\count379
)
(/usr/local/texlive/2019/texmf-dist/tex/latex/fp/fp-addons.sty
Package: fp-addons 1995/03/15
)
(/usr/local/texlive/2019/texmf-dist/tex/latex/fp/fp-snap.sty
Package: fp-snap 1995/04/05
)
(/usr/local/texlive/2019/texmf-dist/tex/latex/fp/fp-exp.sty
Package: fp-exp 1995/04/03
)
(/usr/local/texlive/2019/texmf-dist/tex/latex/fp/fp-trigo.sty
Package: fp-trigo 1995/04/14
)
(/usr/local/texlive/2019/texmf-dist/tex/latex/fp/fp-pas.sty
Package: fp-pas 1994/08/29
)
(/usr/local/texlive/2019/texmf-dist/tex/latex/fp/fp-random.sty
Package: fp-random 1995/02/23
\FPseed=\count380
)
(/usr/local/texlive/2019/texmf-dist/tex/latex/fp/fp-eqn.sty
Package: fp-eqn 1995/04/03
)
(/usr/local/texlive/2019/texmf-dist/tex/latex/fp/fp-upn.sty
Package: fp-upn 1996/10/21
)
(/usr/local/texlive/2019/texmf-dist/tex/latex/fp/fp-eval.sty
Package: fp-eval 1995/04/03
)))
\@dtl@toks=\toks54
\@dtl@tmpcount=\count381
\dtl@tmplength=\skip77
\dtl@sortresult=\count382
\@dtl@numgrpsepcount=\count383
\@dtl@datatype=\count384
\dtl@codeA=\count385
\dtl@codeB=\count386
\@dtl@foreach@level=\count387
)
(/usr/local/texlive/2019/texmf-dist/tex/latex/glossaries/base/glossaries-compat
ible-307.sty
Package: glossaries-compatible-307 2019/01/06 v4.42 (NLCT)
)
(/usr/local/texlive/2019/texmf-dist/tex/latex/tracklang/tracklang.sty
Package: tracklang 2018/05/13 v1.3.6 (NLCT) Track Languages

(/usr/local/texlive/2019/texmf-dist/tex/generic/tracklang/tracklang.tex))
(/usr/local/texlive/2019/texmf-dist/tex/latex/glossaries-english/glossaries-eng
lish.ldf
File: glossaries-english.ldf 2014/11/23 v1.0
)
\gls@level=\count388
\@gls@tmpb=\toks55
\gls@tmplen=\skip78
\glskeylisttok=\toks56
\glslabeltok=\toks57
\glsshorttok=\toks58
\glslongtok=\toks59

(/usr/local/texlive/2019/texmf-dist/tex/latex/glossaries/styles/glossary-hypern
av.sty
Package: glossary-hypernav 2019/01/06 v4.42 (NLCT)
)
(/usr/local/texlive/2019/texmf-dist/tex/latex/glossaries/styles/glossary-list.s
ty
Package: glossary-list 2019/01/06 v4.42 (NLCT)
\glslistdottedwidth=\skip79
)
(/usr/local/texlive/2019/texmf-dist/tex/latex/glossaries/styles/glossary-long.s
ty
Package: glossary-long 2019/01/06 v4.42 (NLCT)
 (/usr/local/texlive/2019/texmf-dist/tex/latex/tools/longtable.sty
Package: longtable 2014/10/28 v4.11 Multi-page Table package (DPC)+ FMi change
\LTleft=\skip80
\LTright=\skip81
\LTpre=\skip82
\LTpost=\skip83
\LTchunksize=\count389
\LTcapwidth=\dimen317
\LT@head=\box86
\LT@firsthead=\box87
\LT@foot=\box88
\LT@lastfoot=\box89
\LT@cols=\count390
\LT@rows=\count391
\c@LT@tables=\count392
\c@LT@chunks=\count393
\LT@p@ftn=\toks60
)
\glsdescwidth=\skip84
\glspagelistwidth=\skip85
)
(/usr/local/texlive/2019/texmf-dist/tex/latex/glossaries/styles/glossary-super.
sty
Package: glossary-super 2019/01/06 v4.42 (NLCT)
 (/usr/local/texlive/2019/texmf-dist/tex/latex/supertabular/supertabular.sty
Package: supertabular 2004/02/20 v4.1e the supertabular environment
\c@tracingst=\count394
\ST@wd=\dimen318
\ST@rightskip=\skip86
\ST@leftskip=\skip87
\ST@parfillskip=\skip88
\ST@pageleft=\dimen319
\ST@headht=\dimen320
\ST@tailht=\dimen321
\ST@pagesofar=\dimen322
\ST@pboxht=\dimen323
\ST@lineht=\dimen324
\ST@stretchht=\dimen325
\ST@prevht=\dimen326
\ST@toadd=\dimen327
\ST@dimen=\dimen328
\ST@pbox=\box90
))
(/usr/local/texlive/2019/texmf-dist/tex/latex/glossaries/styles/glossary-tree.s
ty
Package: glossary-tree 2019/01/06 v4.42 (NLCT)
\glstreeindent=\skip89
))
\@input{acros.aux}
\openout2 = `acros.aux'.

(./acros.tex)
\glswrite=\write7
\glo@main@file=\write8
\openout8 = `arfc-pres.glo'.

Package glossaries Info: Writing glossary file arfc-pres.glo on input line 47.
\glo@acronym@file=\write9
\openout9 = `arfc-pres.acn'.

Package glossaries Info: Writing glossary file arfc-pres.acn on input line 47.


Package hyperref Warning: Token not allowed in a PDF string (PDFDocEncoding):
(hyperref)                removing `math shift' on input line 67.


Package hyperref Warning: Token not allowed in a PDF string (PDFDocEncoding):
(hyperref)                removing `subscript' on input line 67.


Package hyperref Warning: Token not allowed in a PDF string (PDFDocEncoding):
(hyperref)                removing `math shift' on input line 67.


Package hyperref Warning: Token not allowed in a PDF string (PDFDocEncoding):
(hyperref)                removing `math shift' on input line 67.


Package hyperref Warning: Token not allowed in a PDF string (PDFDocEncoding):
(hyperref)                removing `subscript' on input line 67.


Package hyperref Warning: Token not allowed in a PDF string (PDFDocEncoding):
(hyperref)                removing `math shift' on input line 67.

runsystem(which pygmentize && touch arfc-pres.aex)...executed.

runsystem(rm arfc-pres.aex)...executed.

(./arfc-pres.aux

LaTeX Warning: Label `fig:relax' multiply defined.

)
\openout1 = `arfc-pres.aux'.

LaTeX Font Info:    Checking defaults for OML/cmm/m/it on input line 67.
LaTeX Font Info:    ... okay on input line 67.
LaTeX Font Info:    Checking defaults for T1/cmr/m/n on input line 67.
LaTeX Font Info:    ... okay on input line 67.
LaTeX Font Info:    Checking defaults for OT1/cmr/m/n on input line 67.
LaTeX Font Info:    ... okay on input line 67.
LaTeX Font Info:    Checking defaults for OMS/cmsy/m/n on input line 67.
LaTeX Font Info:    ... okay on input line 67.
LaTeX Font Info:    Checking defaults for OMX/cmex/m/n on input line 67.
LaTeX Font Info:    ... okay on input line 67.
LaTeX Font Info:    Checking defaults for U/cmr/m/n on input line 67.
LaTeX Font Info:    ... okay on input line 67.
LaTeX Font Info:    Checking defaults for PD1/pdf/m/n on input line 67.
LaTeX Font Info:    ... okay on input line 67.

*geometry* driver: auto-detecting
*geometry* detected driver: pdftex
*geometry* verbose mode - [ preamble ] result:
* driver: pdftex
* paper: custom
* layout: <same size as paper>
* layoutoffset:(h,v)=(0.0pt,0.0pt)
* modes: includehead includefoot 
* h-part:(L,W,R)=(28.45274pt, 307.28987pt, 28.45274pt)
* v-part:(T,H,B)=(0.0pt, 273.14662pt, 0.0pt)
* \paperwidth=364.19536pt
* \paperheight=273.14662pt
* \textwidth=307.28987pt
* \textheight=244.6939pt
* \oddsidemargin=-43.81725pt
* \evensidemargin=-43.81725pt
* \topmargin=-72.26999pt
* \headheight=14.22636pt
* \headsep=0.0pt
* \topskip=9.0pt
* \footskip=14.22636pt
* \marginparwidth=4.0pt
* \marginparsep=10.0pt
* \columnsep=10.0pt
* \skip\footins=8.0pt plus 4.0pt minus 2.0pt
* \hoffset=0.0pt
* \voffset=0.0pt
* \mag=1000
* \@twocolumnfalse
* \@twosidefalse
* \@mparswitchfalse
* \@reversemarginfalse
* (1in=72.27pt=25.4mm, 1cm=28.453pt)

(/usr/local/texlive/2019/texmf-dist/tex/context/base/mkii/supp-pdf.mkii
[Loading MPS to PDF converter (version 2006.09.02).]
\scratchcounter=\count395
\scratchdimen=\dimen329
\scratchbox=\box91
\nofMPsegments=\count396
\nofMParguments=\count397
\everyMPshowfont=\toks61
\MPscratchCnt=\count398
\MPscratchDim=\dimen330
\MPnumerator=\count399
\makeMPintoPDFobject=\count400
\everyMPtoPDFconversion=\toks62
) (/usr/local/texlive/2019/texmf-dist/tex/latex/oberdiek/epstopdf-base.sty
Package: epstopdf-base 2016/05/15 v2.6 Base part for package epstopdf

(/usr/local/texlive/2019/texmf-dist/tex/latex/oberdiek/grfext.sty
Package: grfext 2016/05/16 v1.2 Manage graphics extensions (HO)
)
Package epstopdf-base Info: Redefining graphics rule for `.eps' on input line 4
38.
Package grfext Info: Graphics extension search list:
(grfext)             [.pdf,.png,.jpg,.mps,.jpeg,.jbig2,.jb2,.PDF,.PNG,.JPG,.JPE
G,.JBIG2,.JB2,.eps]
(grfext)             \AppendGraphicsExtensions on input line 456.

(/usr/local/texlive/2019/texmf-dist/tex/latex/latexconfig/epstopdf-sys.cfg
File: epstopdf-sys.cfg 2010/07/13 v1.3 Configuration of (r)epstopdf for TeX Liv
e
))
ABD: EveryShipout initializing macros
\AtBeginShipoutBox=\box92
Package hyperref Info: Link coloring OFF on input line 67.

(/usr/local/texlive/2019/texmf-dist/tex/latex/hyperref/nameref.sty
Package: nameref 2016/05/21 v2.44 Cross-referencing by name of section

(/usr/local/texlive/2019/texmf-dist/tex/generic/oberdiek/gettitlestring.sty
Package: gettitlestring 2016/05/16 v1.5 Cleanup title references (HO)
)
\c@section@level=\count401
)
LaTeX Info: Redefining \ref on input line 67.
LaTeX Info: Redefining \pageref on input line 67.
LaTeX Info: Redefining \nameref on input line 67.

(./arfc-pres.out) (./arfc-pres.out)
\@outlinefile=\write10
\openout10 = `arfc-pres.out'.

LaTeX Font Info:    Overwriting symbol font `operators' in version `normal'
(Font)                  OT1/cmr/m/n --> OT1/cmss/m/n on input line 67.
LaTeX Font Info:    Overwriting symbol font `operators' in version `bold'
(Font)                  OT1/cmr/bx/n --> OT1/cmss/bx/n on input line 67.
\symnumbers=\mathgroup6
\sympureletters=\mathgroup7
LaTeX Font Info:    Overwriting math alphabet `\mathrm' in version `normal'
(Font)                  OT1/cmss/m/n --> OT1/cmr/m/n on input line 67.
LaTeX Font Info:    Redeclaring math alphabet \mathbf on input line 67.
LaTeX Font Info:    Overwriting math alphabet `\mathbf' in version `normal'
(Font)                  OT1/cmr/bx/n --> OT1/cmss/bx/n on input line 67.
LaTeX Font Info:    Overwriting math alphabet `\mathbf' in version `bold'
(Font)                  OT1/cmr/bx/n --> OT1/cmss/bx/n on input line 67.
LaTeX Font Info:    Redeclaring math alphabet \mathsf on input line 67.
LaTeX Font Info:    Overwriting math alphabet `\mathsf' in version `normal'
(Font)                  OT1/cmss/m/n --> OT1/cmss/m/n on input line 67.
LaTeX Font Info:    Overwriting math alphabet `\mathsf' in version `bold'
(Font)                  OT1/cmss/bx/n --> OT1/cmss/m/n on input line 67.
LaTeX Font Info:    Redeclaring math alphabet \mathit on input line 67.
LaTeX Font Info:    Overwriting math alphabet `\mathit' in version `normal'
(Font)                  OT1/cmr/m/it --> OT1/cmss/m/it on input line 67.
LaTeX Font Info:    Overwriting math alphabet `\mathit' in version `bold'
(Font)                  OT1/cmr/bx/it --> OT1/cmss/m/it on input line 67.
LaTeX Font Info:    Redeclaring math alphabet \mathtt on input line 67.
LaTeX Font Info:    Overwriting math alphabet `\mathtt' in version `normal'
(Font)                  OT1/cmtt/m/n --> OT1/cmtt/m/n on input line 67.
LaTeX Font Info:    Overwriting math alphabet `\mathtt' in version `bold'
(Font)                  OT1/cmtt/m/n --> OT1/cmtt/m/n on input line 67.
LaTeX Font Info:    Overwriting symbol font `numbers' in version `bold'
(Font)                  OT1/cmss/m/n --> OT1/cmss/bx/n on input line 67.
LaTeX Font Info:    Overwriting symbol font `pureletters' in version `bold'
(Font)                  OT1/cmss/m/it --> OT1/cmss/bx/it on input line 67.
LaTeX Font Info:    Overwriting math alphabet `\mathrm' in version `bold'
(Font)                  OT1/cmss/bx/n --> OT1/cmr/bx/n on input line 67.
LaTeX Font Info:    Overwriting math alphabet `\mathbf' in version `bold'
(Font)                  OT1/cmss/bx/n --> OT1/cmss/bx/n on input line 67.
LaTeX Font Info:    Overwriting math alphabet `\mathsf' in version `bold'
(Font)                  OT1/cmss/m/n --> OT1/cmss/bx/n on input line 67.
LaTeX Font Info:    Overwriting math alphabet `\mathit' in version `bold'
(Font)                  OT1/cmss/m/it --> OT1/cmss/bx/it on input line 67.
LaTeX Font Info:    Overwriting math alphabet `\mathtt' in version `bold'
(Font)                  OT1/cmtt/m/n --> OT1/cmtt/bx/n on input line 67.
LaTeX Font Info:    Redeclaring symbol font `pureletters' on input line 67.
LaTeX Font Info:    Overwriting symbol font `pureletters' in version `normal'
(Font)                  OT1/cmss/m/it --> OT1/mathkerncmss/m/sl on input line 6
7.
LaTeX Font Info:    Overwriting symbol font `pureletters' in version `bold'
(Font)                  OT1/cmss/bx/it --> OT1/mathkerncmss/m/sl on input line 
67.
LaTeX Font Info:    Overwriting symbol font `pureletters' in version `bold'
(Font)                  OT1/mathkerncmss/m/sl --> OT1/mathkerncmss/bx/sl on inp
ut line 67.

(/usr/local/texlive/2019/texmf-dist/tex/latex/translator/translator-basic-dicti
onary-English.dict
Dictionary: translator-basic-dictionary, Language: English 
)
(/usr/local/texlive/2019/texmf-dist/tex/latex/translator/translator-bibliograph
y-dictionary-English.dict
Dictionary: translator-bibliography-dictionary, Language: English 
)
(/usr/local/texlive/2019/texmf-dist/tex/latex/translator/translator-environment
-dictionary-English.dict
Dictionary: translator-environment-dictionary, Language: English 
)
(/usr/local/texlive/2019/texmf-dist/tex/latex/translator/translator-months-dict
ionary-English.dict
Dictionary: translator-months-dictionary, Language: English 
)
(/usr/local/texlive/2019/texmf-dist/tex/latex/translator/translator-numbers-dic
tionary-English.dict
Dictionary: translator-numbers-dictionary, Language: English 
)
(/usr/local/texlive/2019/texmf-dist/tex/latex/translator/translator-theorem-dic
tionary-English.dict
Dictionary: translator-theorem-dictionary, Language: English 
)
LaTeX Info: Redefining \microtypecontext on input line 67.
Package microtype Info: Generating PDF output.
Package microtype Info: Character protrusion enabled (level 2).
Package microtype Info: Using default protrusion set `alltext'.
Package microtype Info: Automatic font expansion enabled (level 2),
(microtype)             stretch: 20, shrink: 20, step: 1, non-selected.
Package microtype Info: Using default expansion set `basictext'.
Package microtype Info: No adjustment of tracking.
Package microtype Info: No adjustment of interword spacing.
Package microtype Info: No adjustment of character kerning.
Package microtype Info: Loading generic protrusion settings for font family
(microtype)             `cmss' (encoding: OT1).
(microtype)             For optimal results, create family-specific settings.
(microtype)             See the microtype manual for details.
 (./arfc-pres.nav)
Overfull \hbox (1.77086pt too wide) in paragraph at lines 67--67
[][]  
 []

\highlightheight=\skip90
\highlightdepth=\skip91
\highlightmargin=\skip92
LaTeX Font Info:    Try loading font information for U+msa on input line 87.
(/usr/local/texlive/2019/texmf-dist/tex/latex/amsfonts/umsa.fd
File: umsa.fd 2013/01/14 v3.01 AMS symbols A
)
(/usr/local/texlive/2019/texmf-dist/tex/latex/microtype/mt-msa.cfg
File: mt-msa.cfg 2006/02/04 v1.1 microtype config. file: AMS symbols (a) (RS)
)
LaTeX Font Info:    Try loading font information for U+msb on input line 87.

(/usr/local/texlive/2019/texmf-dist/tex/latex/amsfonts/umsb.fd
File: umsb.fd 2013/01/14 v3.01 AMS symbols B
)
(/usr/local/texlive/2019/texmf-dist/tex/latex/microtype/mt-msb.cfg
File: mt-msb.cfg 2005/06/01 v1.0 microtype config. file: AMS symbols (b) (RS)
)
LaTeX Font Info:    Try loading font information for OT1+mathkerncmss on input 
line 87.

(/usr/local/texlive/2019/texmf-dist/tex/latex/sansmathaccent/ot1mathkerncmss.fd
File: ot1mathkerncmss.fd 2013/03/27 Fontinst v1.933 font definitions for OT1/ma
thkerncmss.
)
Package microtype Info: Loading generic protrusion settings for font family
(microtype)             `mathkerncmss' (encoding: OT1).
(microtype)             For optimal results, create family-specific settings.
(microtype)             See the microtype manual for details.
Package epstopdf Info: Source file: <ilogo.eps>
(epstopdf)                    date: 2021-09-24 10:17:40
(epstopdf)                    size: 952454 bytes
(epstopdf)             Output file: <ilogo-eps-converted-to.pdf>
(epstopdf)                    date: 2021-09-28 18:33:10
(epstopdf)                    size: 47706 bytes
(epstopdf)             Command: <epstopdf --outfile=ilogo-eps-converted-to.pdf 
ilogo.eps>
(epstopdf)             \includegraphics on input line 87.
Package epstopdf Info: Output file is already uptodate.
<ilogo-eps-converted-to.pdf, id=57, 259.97125pt x 201.75375pt>
File: ilogo-eps-converted-to.pdf Graphic file (type pdf)
<use ilogo-eps-converted-to.pdf>
Package pdftex.def Info: ilogo-eps-converted-to.pdf  used on input line 87.
(pdftex.def)             Requested size: 109.98848pt x 85.35826pt.

Overfull \hbox (1.77086pt too wide) has occurred while \output is active
[][] 
 []

[1



\openout7 = `arfc-pres.ist'.

{/usr/local/texlive/2019/texmf-var/fonts/map/pdftex/updmap/pdftex.map} <./ilogo
-eps-converted-to.pdf>] (./arfc-pres.toc

LaTeX Warning: Command \textemdash invalid in math mode on input line 6.

)

pdfTeX warning: pdflatex (file ./imark-eps-converted-to.pdf): PDF inclusion: fo
und PDF version <1.7>, but at most version <1.5> allowed
Package epstopdf Info: Source file: <imark.eps>
(epstopdf)                    date: 2021-09-24 10:17:40
(epstopdf)                    size: 1162810 bytes
(epstopdf)             Output file: <imark-eps-converted-to.pdf>
(epstopdf)                    date: 2021-09-24 10:17:40
(epstopdf)                    size: 4998 bytes
(epstopdf)             Command: <epstopdf --outfile=imark-eps-converted-to.pdf 
imark.eps>
(epstopdf)             \includegraphics on input line 98.
Package epstopdf Info: Output file is already uptodate.
File: imark-eps-converted-to.pdf Graphic file (type pdf)
<use imark-eps-converted-to.pdf>
Package pdftex.def Info: imark-eps-converted-to.pdf  used on input line 98.
(pdftex.def)             Requested size: 11.8851pt x 17.07182pt.

Overfull \hbox (1.77086pt too wide) has occurred while \output is active
[][] 
 []

[2

 <./imark-eps-converted-to.pdf>] (./theory.tex
\openout4 = `arfc-pres.vrb'.

 (./arfc-pres.vrb
<./images/polarization.jpeg, id=110, 702.625pt x 386.44376pt>
File: ./images/polarization.jpeg Graphic file (type jpg)
<use ./images/polarization.jpeg>
Package pdftex.def Info: ./images/polarization.jpeg  used on input line 5.
(pdftex.def)             Requested size: 258.6592pt x 142.26378pt.
)
Package epstopdf Info: Source file: <imark.eps>
(epstopdf)                    date: 2021-09-24 10:17:40
(epstopdf)                    size: 1162810 bytes
(epstopdf)             Output file: <imark-eps-converted-to.pdf>
(epstopdf)                    date: 2021-09-24 10:17:40
(epstopdf)                    size: 4998 bytes
(epstopdf)             Command: <epstopdf --outfile=imark-eps-converted-to.pdf 
imark.eps>
(epstopdf)             \includegraphics on input line 11.
Package epstopdf Info: Output file is already uptodate.
File: imark-eps-converted-to.pdf Graphic file (type pdf)
<use imark-eps-converted-to.pdf>
Package pdftex.def Info: imark-eps-converted-to.pdf  used on input line 11.
(pdftex.def)             Requested size: 11.8851pt x 17.07182pt.

Overfull \hbox (1.77086pt too wide) has occurred while \output is active
[][] 
 []

[3

 <./images/polarization.jpeg>]
File: ./images/polarization.jpeg Graphic file (type jpg)
<use ./images/polarization.jpeg>
Package pdftex.def Info: ./images/polarization.jpeg  used on input line 22.
(pdftex.def)             Requested size: 258.6592pt x 142.26378pt.
Package epstopdf Info: Source file: <imark.eps>
(epstopdf)                    date: 2021-09-24 10:17:40
(epstopdf)                    size: 1162810 bytes
(epstopdf)             Output file: <imark-eps-converted-to.pdf>
(epstopdf)                    date: 2021-09-24 10:17:40
(epstopdf)                    size: 4998 bytes
(epstopdf)             Command: <epstopdf --outfile=imark-eps-converted-to.pdf 
imark.eps>
(epstopdf)             \includegraphics on input line 22.
Package epstopdf Info: Output file is already uptodate.
File: imark-eps-converted-to.pdf Graphic file (type pdf)
<use imark-eps-converted-to.pdf>
Package pdftex.def Info: imark-eps-converted-to.pdf  used on input line 22.
(pdftex.def)             Requested size: 11.8851pt x 17.07182pt.

Overfull \hbox (1.77086pt too wide) has occurred while \output is active
[][] 
 []

[4

]
<./images/figures/theory/relax.png, id=142, 808.01875pt x 411.5375pt>
File: ./images/figures/theory/relax.png Graphic file (type png)
<use ./images/figures/theory/relax.png>
Package pdftex.def Info: ./images/figures/theory/relax.png  used on input line 
34.
(pdftex.def)             Requested size: 290.49199pt x 147.95424pt.
pdfTeX warning (ext4): destination with the same identifier (name{fig:relax}) h
as been already used, duplicate ignored
<to be read again> 
                   \relax 
l.34 \end{frame}
                
Package epstopdf Info: Source file: <imark.eps>
(epstopdf)                    date: 2021-09-24 10:17:40
(epstopdf)                    size: 1162810 bytes
(epstopdf)             Output file: <imark-eps-converted-to.pdf>
(epstopdf)                    date: 2021-09-24 10:17:40
(epstopdf)                    size: 4998 bytes
(epstopdf)             Command: <epstopdf --outfile=imark-eps-converted-to.pdf 
imark.eps>
(epstopdf)             \includegraphics on input line 34.
Package epstopdf Info: Output file is already uptodate.
File: imark-eps-converted-to.pdf Graphic file (type pdf)
<use imark-eps-converted-to.pdf>
Package pdftex.def Info: imark-eps-converted-to.pdf  used on input line 34.
(pdftex.def)             Requested size: 11.8851pt x 17.07182pt.

Overfull \hbox (1.77086pt too wide) has occurred while \output is active
[][] 
 []

[5

 <./images/figures/theory/relax.png>]) (./goal.tex
\openout4 = `arfc-pres.vrb'.

 (./arfc-pres.vrb
<./images/specifications.png, id=158, 638.385pt x 317.185pt>
File: ./images/specifications.png Graphic file (type png)
<use ./images/specifications.png>
Package pdftex.def Info: ./images/specifications.png  used on input line 3.
(pdftex.def)             Requested size: 286.33545pt x 142.26378pt.
)
Package epstopdf Info: Source file: <imark.eps>
(epstopdf)                    date: 2021-09-24 10:17:40
(epstopdf)                    size: 1162810 bytes
(epstopdf)             Output file: <imark-eps-converted-to.pdf>
(epstopdf)                    date: 2021-09-24 10:17:40
(epstopdf)                    size: 4998 bytes
(epstopdf)             Command: <epstopdf --outfile=imark-eps-converted-to.pdf 
imark.eps>
(epstopdf)             \includegraphics on input line 6.
Package epstopdf Info: Output file is already uptodate.
File: imark-eps-converted-to.pdf Graphic file (type pdf)
<use imark-eps-converted-to.pdf>
Package pdftex.def Info: imark-eps-converted-to.pdf  used on input line 6.
(pdftex.def)             Requested size: 11.8851pt x 17.07182pt.

Overfull \hbox (1.77086pt too wide) has occurred while \output is active
[][] 
 []

[6

 <./images/specifications.png>]
<./images/HALEU_overview.jpg, id=173, 738.76pt x 653.44125pt>
File: ./images/HALEU_overview.jpg Graphic file (type jpg)
<use ./images/HALEU_overview.jpg>
Package pdftex.def Info: ./images/HALEU_overview.jpg  used on input line 29.
(pdftex.def)             Requested size: 128.66493pt x 113.81102pt.
Package epstopdf Info: Source file: <imark.eps>
(epstopdf)                    date: 2021-09-24 10:17:40
(epstopdf)                    size: 1162810 bytes
(epstopdf)             Output file: <imark-eps-converted-to.pdf>
(epstopdf)                    date: 2021-09-24 10:17:40
(epstopdf)                    size: 4998 bytes
(epstopdf)             Command: <epstopdf --outfile=imark-eps-converted-to.pdf 
imark.eps>
(epstopdf)             \includegraphics on input line 29.
Package epstopdf Info: Output file is already uptodate.
File: imark-eps-converted-to.pdf Graphic file (type pdf)
<use imark-eps-converted-to.pdf>
Package pdftex.def Info: imark-eps-converted-to.pdf  used on input line 29.
(pdftex.def)             Requested size: 11.8851pt x 17.07182pt.

Overfull \hbox (1.77086pt too wide) has occurred while \output is active
[][] 
 []

[7

 <./images/HALEU_overview.jpg>]) (./tech.tex
<./images/mri_tumor.png, id=189, 287.0725pt x 371.3875pt>
File: ./images/mri_tumor.png Graphic file (type png)
<use ./images/mri_tumor.png>
Package pdftex.def Info: ./images/mri_tumor.png  used on input line 11.
(pdftex.def)             Requested size: 131.96295pt x 170.71652pt.
Package epstopdf Info: Source file: <imark.eps>
(epstopdf)                    date: 2021-09-24 10:17:40
(epstopdf)                    size: 1162810 bytes
(epstopdf)             Output file: <imark-eps-converted-to.pdf>
(epstopdf)                    date: 2021-09-24 10:17:40
(epstopdf)                    size: 4998 bytes
(epstopdf)             Command: <epstopdf --outfile=imark-eps-converted-to.pdf 
imark.eps>
(epstopdf)             \includegraphics on input line 11.
Package epstopdf Info: Output file is already uptodate.
File: imark-eps-converted-to.pdf Graphic file (type pdf)
<use imark-eps-converted-to.pdf>
Package pdftex.def Info: imark-eps-converted-to.pdf  used on input line 11.
(pdftex.def)             Requested size: 11.8851pt x 17.07182pt.

Overfull \hbox (1.77086pt too wide) has occurred while \output is active
[][] 
 []

[8

 <./images/mri_tumor.png>]
<./images/mri_tumor_arrow.png, id=206, 334.24875pt x 430.60875pt>
File: ./images/mri_tumor_arrow.png Graphic file (type png)
<use ./images/mri_tumor_arrow.png>
Package pdftex.def Info: ./images/mri_tumor_arrow.png  used on input line 23.
(pdftex.def)             Requested size: 132.51387pt x 170.71652pt.
Package epstopdf Info: Source file: <imark.eps>
(epstopdf)                    date: 2021-09-24 10:17:40
(epstopdf)                    size: 1162810 bytes
(epstopdf)             Output file: <imark-eps-converted-to.pdf>
(epstopdf)                    date: 2021-09-24 10:17:40
(epstopdf)                    size: 4998 bytes
(epstopdf)             Command: <epstopdf --outfile=imark-eps-converted-to.pdf 
imark.eps>
(epstopdf)             \includegraphics on input line 23.
Package epstopdf Info: Output file is already uptodate.
File: imark-eps-converted-to.pdf Graphic file (type pdf)
<use imark-eps-converted-to.pdf>
Package pdftex.def Info: imark-eps-converted-to.pdf  used on input line 23.
(pdftex.def)             Requested size: 11.8851pt x 17.07182pt.

Overfull \hbox (1.77086pt too wide) has occurred while \output is active
[][] 
 []

[9

 <./images/mri_tumor_arrow.png>]
<./images/chem_shift.jpg, id=223, 300.6432pt x 214.8828pt>
File: ./images/chem_shift.jpg Graphic file (type jpg)
<use ./images/chem_shift.jpg>
Package pdftex.def Info: ./images/chem_shift.jpg  used on input line 35.
(pdftex.def)             Requested size: 238.85422pt x 170.71652pt.
Package epstopdf Info: Source file: <imark.eps>
(epstopdf)                    date: 2021-09-24 10:17:40
(epstopdf)                    size: 1162810 bytes
(epstopdf)             Output file: <imark-eps-converted-to.pdf>
(epstopdf)                    date: 2021-09-24 10:17:40
(epstopdf)                    size: 4998 bytes
(epstopdf)             Command: <epstopdf --outfile=imark-eps-converted-to.pdf 
imark.eps>
(epstopdf)             \includegraphics on input line 35.
Package epstopdf Info: Output file is already uptodate.
File: imark-eps-converted-to.pdf Graphic file (type pdf)
<use imark-eps-converted-to.pdf>
Package pdftex.def Info: imark-eps-converted-to.pdf  used on input line 35.
(pdftex.def)             Requested size: 11.8851pt x 17.07182pt.

Overfull \hbox (1.77086pt too wide) has occurred while \output is active
[][] 
 []

[10

 <./images/chem_shift.jpg>]) (./arfc-pres.toc

LaTeX Warning: Command \textemdash invalid in math mode on input line 6.

)
Package epstopdf Info: Source file: <imark.eps>
(epstopdf)                    date: 2021-09-24 10:17:40
(epstopdf)                    size: 1162810 bytes
(epstopdf)             Output file: <imark-eps-converted-to.pdf>
(epstopdf)                    date: 2021-09-24 10:17:40
(epstopdf)                    size: 4998 bytes
(epstopdf)             Command: <epstopdf --outfile=imark-eps-converted-to.pdf 
imark.eps>
(epstopdf)             \includegraphics on input line 105.
Package epstopdf Info: Output file is already uptodate.
File: imark-eps-converted-to.pdf Graphic file (type pdf)
<use imark-eps-converted-to.pdf>
Package pdftex.def Info: imark-eps-converted-to.pdf  used on input line 105.
(pdftex.def)             Requested size: 11.8851pt x 17.07182pt.


LaTeX Warning: Command \textemdash invalid in math mode on input line 105.


Overfull \hbox (1.77086pt too wide) has occurred while \output is active
[][] 
 []

[11

]

Package hyperref Warning: Token not allowed in a PDF string (PDFDocEncoding):
(hyperref)                removing `math shift' on input line 106.


Package hyperref Warning: Token not allowed in a PDF string (PDFDocEncoding):
(hyperref)                removing `superscript' on input line 106.


Package hyperref Warning: Token not allowed in a PDF string (PDFDocEncoding):
(hyperref)                removing `\circ' on input line 106.


Package hyperref Warning: Token not allowed in a PDF string (PDFDocEncoding):
(hyperref)                removing `\leavevmode@ifvmode' on input line 106.


Package hyperref Warning: Token not allowed in a PDF string (PDFDocEncoding):
(hyperref)                \kern 1.54198pt
(hyperref)                removed on input line 106.


Package hyperref Warning: Token not allowed in a PDF string (PDFDocEncoding):
(hyperref)                removing `\leavevmode@ifvmode' on input line 106.


Package hyperref Warning: Token not allowed in a PDF string (PDFDocEncoding):
(hyperref)                \kern 1.54198pt
(hyperref)                removed on input line 106.


Package hyperref Warning: Token not allowed in a PDF string (PDFDocEncoding):
(hyperref)                removing `superscript' on input line 106.


Package hyperref Warning: Token not allowed in a PDF string (PDFDocEncoding):
(hyperref)                removing `\circ' on input line 106.


Package hyperref Warning: Token not allowed in a PDF string (PDFDocEncoding):
(hyperref)                removing `math shift' on input line 106.

(./pulse.tex
<./images/cyclus.png, id=261, 385.44pt x 131.49126pt>
File: ./images/cyclus.png Graphic file (type png)
<use ./images/cyclus.png>
Package pdftex.def Info: ./images/cyclus.png  used on input line 13.
(pdftex.def)             Requested size: 250.22131pt x 85.35826pt.
Package epstopdf Info: Source file: <imark.eps>
(epstopdf)                    date: 2021-09-24 10:17:40
(epstopdf)                    size: 1162810 bytes
(epstopdf)             Output file: <imark-eps-converted-to.pdf>
(epstopdf)                    date: 2021-09-24 10:17:40
(epstopdf)                    size: 4998 bytes
(epstopdf)             Command: <epstopdf --outfile=imark-eps-converted-to.pdf 
imark.eps>
(epstopdf)             \includegraphics on input line 13.
Package epstopdf Info: Output file is already uptodate.
File: imark-eps-converted-to.pdf Graphic file (type pdf)
<use imark-eps-converted-to.pdf>
Package pdftex.def Info: imark-eps-converted-to.pdf  used on input line 13.
(pdftex.def)             Requested size: 11.8851pt x 17.07182pt.


LaTeX Warning: Command \textemdash invalid in math mode on input line 13.


Overfull \hbox (1.77086pt too wide) has occurred while \output is active
[][] 
 []

[12

 <./images/cyclus.png>]) (./arfc-pres.toc

LaTeX Warning: Command \textemdash invalid in math mode on input line 6.

)
Package epstopdf Info: Source file: <imark.eps>
(epstopdf)                    date: 2021-09-24 10:17:40
(epstopdf)                    size: 1162810 bytes
(epstopdf)             Output file: <imark-eps-converted-to.pdf>
(epstopdf)                    date: 2021-09-24 10:17:40
(epstopdf)                    size: 4998 bytes
(epstopdf)             Command: <epstopdf --outfile=imark-eps-converted-to.pdf 
imark.eps>
(epstopdf)             \includegraphics on input line 108.
Package epstopdf Info: Output file is already uptodate.
File: imark-eps-converted-to.pdf Graphic file (type pdf)
<use imark-eps-converted-to.pdf>
Package pdftex.def Info: imark-eps-converted-to.pdf  used on input line 108.
(pdftex.def)             Requested size: 11.8851pt x 17.07182pt.

Overfull \hbox (1.77086pt too wide) has occurred while \output is active
[][] 
 []

[13

] (./results.tex
<./images/scenarios.png, id=295, 829.0975pt x 304.13625pt>
File: ./images/scenarios.png Graphic file (type png)
<use ./images/scenarios.png>
Package pdftex.def Info: ./images/scenarios.png  used on input line 22.
(pdftex.def)             Requested size: 155.12646pt x 56.9055pt.

Overfull \hbox (12.86269pt too wide) in paragraph at lines 22--22
 [] 
 []

Package epstopdf Info: Source file: <imark.eps>
(epstopdf)                    date: 2021-09-24 10:17:40
(epstopdf)                    size: 1162810 bytes
(epstopdf)             Output file: <imark-eps-converted-to.pdf>
(epstopdf)                    date: 2021-09-24 10:17:40
(epstopdf)                    size: 4998 bytes
(epstopdf)             Command: <epstopdf --outfile=imark-eps-converted-to.pdf 
imark.eps>
(epstopdf)             \includegraphics on input line 22.
Package epstopdf Info: Output file is already uptodate.
File: imark-eps-converted-to.pdf Graphic file (type pdf)
<use imark-eps-converted-to.pdf>
Package pdftex.def Info: imark-eps-converted-to.pdf  used on input line 22.
(pdftex.def)             Requested size: 11.8851pt x 17.07182pt.

Overfull \hbox (1.77086pt too wide) has occurred while \output is active
[][] 
 []

[14

 <./images/scenarios.png>]) (./arfc-pres.toc

LaTeX Warning: Command \textemdash invalid in math mode on input line 6.

)
Package epstopdf Info: Source file: <imark.eps>
(epstopdf)                    date: 2021-09-24 10:17:40
(epstopdf)                    size: 1162810 bytes
(epstopdf)             Output file: <imark-eps-converted-to.pdf>
(epstopdf)                    date: 2021-09-24 10:17:40
(epstopdf)                    size: 4998 bytes
(epstopdf)             Command: <epstopdf --outfile=imark-eps-converted-to.pdf 
imark.eps>
(epstopdf)             \includegraphics on input line 110.
Package epstopdf Info: Output file is already uptodate.
File: imark-eps-converted-to.pdf Graphic file (type pdf)
<use imark-eps-converted-to.pdf>
Package pdftex.def Info: imark-eps-converted-to.pdf  used on input line 110.
(pdftex.def)             Requested size: 11.8851pt x 17.07182pt.

Overfull \hbox (1.77086pt too wide) has occurred while \output is active
[][] 
 []

[15

] (./conclusion.tex
<./images/mass.png, id=330, 959.585pt x 531.9875pt>
File: ./images/mass.png Graphic file (type png)
<use ./images/mass.png>
Package pdftex.def Info: ./images/mass.png  used on input line 22.
(pdftex.def)             Requested size: 138.55789pt x 76.82234pt.
<./images/swu.png, id=331, 726.715pt x 439.6425pt>
File: ./images/swu.png Graphic file (type png)
<use ./images/swu.png>
Package pdftex.def Info: ./images/swu.png  used on input line 22.
(pdftex.def)             Requested size: 141.09341pt x 85.35826pt.
Package epstopdf Info: Source file: <imark.eps>
(epstopdf)                    date: 2021-09-24 10:17:40
(epstopdf)                    size: 1162810 bytes
(epstopdf)             Output file: <imark-eps-converted-to.pdf>
(epstopdf)                    date: 2021-09-24 10:17:40
(epstopdf)                    size: 4998 bytes
(epstopdf)             Command: <epstopdf --outfile=imark-eps-converted-to.pdf 
imark.eps>
(epstopdf)             \includegraphics on input line 22.
Package epstopdf Info: Output file is already uptodate.
File: imark-eps-converted-to.pdf Graphic file (type pdf)
<use imark-eps-converted-to.pdf>
Package pdftex.def Info: imark-eps-converted-to.pdf  used on input line 22.
(pdftex.def)             Requested size: 11.8851pt x 17.07182pt.

Overfull \hbox (1.77086pt too wide) has occurred while \output is active
[][] 
 []

[16

 <./images/mass.png> <./images/swu.png>]
<./images/e_use.png, id=347, 782.925pt x 436.63126pt>
File: ./images/e_use.png Graphic file (type png)
<use ./images/e_use.png>
Package pdftex.def Info: ./images/e_use.png  used on input line 44.
(pdftex.def)             Requested size: 153.04607pt x 85.35826pt.

Overfull \hbox (10.78229pt too wide) in paragraph at lines 44--44
 [] 
 []

Package epstopdf Info: Source file: <imark.eps>
(epstopdf)                    date: 2021-09-24 10:17:40
(epstopdf)                    size: 1162810 bytes
(epstopdf)             Output file: <imark-eps-converted-to.pdf>
(epstopdf)                    date: 2021-09-24 10:17:40
(epstopdf)                    size: 4998 bytes
(epstopdf)             Command: <epstopdf --outfile=imark-eps-converted-to.pdf 
imark.eps>
(epstopdf)             \includegraphics on input line 44.
Package epstopdf Info: Output file is already uptodate.
File: imark-eps-converted-to.pdf Graphic file (type pdf)
<use imark-eps-converted-to.pdf>
Package pdftex.def Info: imark-eps-converted-to.pdf  used on input line 44.
(pdftex.def)             Requested size: 11.8851pt x 17.07182pt.

Overfull \hbox (1.77086pt too wide) has occurred while \output is active
[][] 
 []

[17

 <./images/e_use.png>]) (./cont.tex
<./images/figures/res_k/res_w-out_k.jpg, id=362, 824.6007pt x 575.9919pt>
File: ./images/figures/res_k/res_w-out_k.jpg Graphic file (type jpg)
<use ./images/figures/res_k/res_w-out_k.jpg>
Package pdftex.def Info: ./images/figures/res_k/res_w-out_k.jpg  used on input 
line 20.
(pdftex.def)             Requested size: 140.18025pt x 97.91731pt.
Package epstopdf Info: Source file: <imark.eps>
(epstopdf)                    date: 2021-09-24 10:17:40
(epstopdf)                    size: 1162810 bytes
(epstopdf)             Output file: <imark-eps-converted-to.pdf>
(epstopdf)                    date: 2021-09-24 10:17:40
(epstopdf)                    size: 4998 bytes
(epstopdf)             Command: <epstopdf --outfile=imark-eps-converted-to.pdf 
imark.eps>
(epstopdf)             \includegraphics on input line 20.
Package epstopdf Info: Output file is already uptodate.
File: imark-eps-converted-to.pdf Graphic file (type pdf)
<use imark-eps-converted-to.pdf>
Package pdftex.def Info: imark-eps-converted-to.pdf  used on input line 20.
(pdftex.def)             Requested size: 11.8851pt x 17.07182pt.

Overfull \hbox (1.77086pt too wide) has occurred while \output is active
[][] 
 []

[18

 <./images/figures/res_k/res_w-out_k.jpg>]) (./arfc-pres.bbl)
Package epstopdf Info: Source file: <imark.eps>
(epstopdf)                    date: 2021-09-24 10:17:40
(epstopdf)                    size: 1162810 bytes
(epstopdf)             Output file: <imark-eps-converted-to.pdf>
(epstopdf)                    date: 2021-09-24 10:17:40
(epstopdf)                    size: 4998 bytes
(epstopdf)             Command: <epstopdf --outfile=imark-eps-converted-to.pdf 
imark.eps>
(epstopdf)             \includegraphics on input line 123.
Package epstopdf Info: Output file is already uptodate.
File: imark-eps-converted-to.pdf Graphic file (type pdf)
<use imark-eps-converted-to.pdf>
Package pdftex.def Info: imark-eps-converted-to.pdf  used on input line 123.
(pdftex.def)             Requested size: 11.8851pt x 17.07182pt.

Overfull \hbox (1.77086pt too wide) has occurred while \output is active
[][] 
 []

[19

] (./acks.tex
Package epstopdf Info: Source file: <imark.eps>
(epstopdf)                    date: 2021-09-24 10:17:40
(epstopdf)                    size: 1162810 bytes
(epstopdf)             Output file: <imark-eps-converted-to.pdf>
(epstopdf)                    date: 2021-09-24 10:17:40
(epstopdf)                    size: 4998 bytes
(epstopdf)             Command: <epstopdf --outfile=imark-eps-converted-to.pdf 
imark.eps>
(epstopdf)             \includegraphics on input line 8.
Package epstopdf Info: Output file is already uptodate.
File: imark-eps-converted-to.pdf Graphic file (type pdf)
<use imark-eps-converted-to.pdf>
Package pdftex.def Info: imark-eps-converted-to.pdf  used on input line 8.
(pdftex.def)             Requested size: 11.8851pt x 17.07182pt.

Overfull \hbox (1.77086pt too wide) has occurred while \output is active
[][] 
 []

[20

]) (./end.tex) (./backup.tex
<./images/figures/theory/d-t1.png, id=401, 774.7344pt x 592.8549pt>
File: ./images/figures/theory/d-t1.png Graphic file (type png)
<use ./images/figures/theory/d-t1.png>
Package pdftex.def Info: ./images/figures/theory/d-t1.png  used on input line 2
2.
(pdftex.def)             Requested size: 111.53566pt x 85.35826pt.
<./images/figures/t_plots_appendix/h_t2.jpg, id=402, 2421.045pt x 1852.67157pt>

File: ./images/figures/t_plots_appendix/h_t2.jpg Graphic file (type jpg)
<use ./images/figures/t_plots_appendix/h_t2.jpg>
Package pdftex.def Info: ./images/figures/t_plots_appendix/h_t2.jpg  used on in
put line 22.
(pdftex.def)             Requested size: 113.7448pt x 87.06535pt.
Package epstopdf Info: Source file: <imark.eps>
(epstopdf)                    date: 2021-09-24 10:17:40
(epstopdf)                    size: 1162810 bytes
(epstopdf)             Output file: <imark-eps-converted-to.pdf>
(epstopdf)                    date: 2021-09-24 10:17:40
(epstopdf)                    size: 4998 bytes
(epstopdf)             Command: <epstopdf --outfile=imark-eps-converted-to.pdf 
imark.eps>
(epstopdf)             \includegraphics on input line 22.
Package epstopdf Info: Output file is already uptodate.
File: imark-eps-converted-to.pdf Graphic file (type pdf)
<use imark-eps-converted-to.pdf>
Package pdftex.def Info: imark-eps-converted-to.pdf  used on input line 22.
(pdftex.def)             Requested size: 11.8851pt x 17.07182pt.

Overfull \hbox (1.77086pt too wide) has occurred while \output is active
[][] 
 []

[21

 <./images/figures/theory/d-t1.png> <./images/figures/t_plots_appendix/h_t2.jpg
>])
\tf@nav=\write11
\openout11 = `arfc-pres.nav'.

\tf@toc=\write12
\openout12 = `arfc-pres.toc'.

\tf@snm=\write13
\openout13 = `arfc-pres.snm'.



Package glossaries Warning: No \printglossary or \printglossaries found. 
(Remove \makeglossaries if you don't want any glossaries.) 
This document will not have a glossary.

Package atveryend Info: Empty hook `BeforeClearDocument' on input line 129.
Package atveryend Info: Empty hook `AfterLastShipout' on input line 129.
(./arfc-pres.aux)
Package atveryend Info: Executing hook `AtVeryEndDocument' on input line 129.
Package atveryend Info: Executing hook `AtEndAfterFileList' on input line 129.
Package rerunfilecheck Info: File `arfc-pres.out' has not changed.
(rerunfilecheck)             Checksum: F1A2B7E19A613D4D314E2AFAE7020273;547.


LaTeX Warning: There were multiply-defined labels.

 ) 
Here is how much of TeX's memory you used:
 42140 strings out of 492616
 795301 string characters out of 6129482
 956700 words of memory out of 5000000
 45239 multiletter control sequences out of 15000+600000
 543082 words of font info for 71 fonts, out of 8000000 for 9000
 1141 hyphenation exceptions out of 8191
 57i,22n,74p,1989b,726s stack positions out of 5000i,500n,10000p,200000b,80000s
</usr/local/texlive/2019/texmf-dist/fonts/type1/public/amsfonts/cm/cmmi8.pfb>
</usr/local/texlive/2019/texmf-dist/fonts/type1/public/amsfonts/cm/cmss10.pfb><
/usr/local/texlive/2019/texmf-dist/fonts/type1/public/amsfonts/cm/cmss8.pfb></u
sr/local/texlive/2019/texmf-dist/fonts/type1/public/amsfonts/cm/cmss9.pfb></usr
/local/texlive/2019/texmf-dist/fonts/type1/public/amsfonts/cm/cmssi10.pfb></usr
/local/texlive/2019/texmf-dist/fonts/type1/public/amsfonts/cm/cmssi8.pfb></usr/
local/texlive/2019/texmf-dist/fonts/type1/public/amsfonts/cm/cmssi9.pfb></usr/l
ocal/texlive/2019/texmf-dist/fonts/type1/public/amsfonts/cm/cmsy5.pfb></usr/loc
al/texlive/2019/texmf-dist/fonts/type1/public/amsfonts/cm/cmsy6.pfb></usr/local
/texlive/2019/texmf-dist/fonts/type1/public/amsfonts/cm/cmsy8.pfb></usr/local/t
exlive/2019/texmf-dist/fonts/type1/public/amsfonts/cm/cmsy9.pfb>
Output written on arfc-pres.pdf (21 pages, 3304363 bytes).
PDF statistics:
 474 PDF objects out of 1000 (max. 8388607)
 397 compressed objects within 4 object streams
 71 named destinations out of 1000 (max. 500000)
 10960 words of extra memory for PDF output out of 12000 (max. 10000000)

